#
# There is insufficient memory for the Java Runtime Environment to continue.
# Native memory allocation (malloc) failed to allocate 32744 bytes for ChunkPool::allocate
# Possible reasons:
#   The system is out of physical RAM or swap space
#   The process is running with CompressedOops enabled, and the Java Heap may be blocking the growth of the native heap
# Possible solutions:
#   Reduce memory load on the system
#   Increase physical memory or swap space
#   Check if swap backing store is full
#   Decrease Java heap size (-Xmx/-Xms)
#   Decrease number of Java threads
#   Decrease Java thread stack sizes (-Xss)
#   Set larger code cache with -XX:ReservedCodeCacheSize=
#   JVM is running with Unscaled Compressed Oops mode in which the Java heap is
#     placed in the first 4GB address space. The Java Heap base address is the
#     maximum limit for the native heap growth. Please use -XX:HeapBaseMinAddress
#     to set the Java Heap base and to place the Java Heap above 4GB virtual address.
# This output file may be truncated or incomplete.
#
#  Out of Memory Error (allocation.cpp:272), pid=9636, tid=0x0000000000000528
#
# JRE version: OpenJDK Runtime Environment (8.0_242-b01) (build 1.8.0_242-release-1644-b01)
# Java VM: OpenJDK 64-Bit Server VM (25.242-b01 mixed mode windows-amd64 compressed oops)
# Failed to write core dump. Minidumps are not enabled by default on client versions of Windows
#

---------------  T H R E A D  ---------------

Current thread (0x000000001661a800):  JavaThread "C2 CompilerThread2" daemon [_thread_in_native, id=1320, stack(0x0000000018ed0000,0x0000000018fd0000)]

Stack: [0x0000000018ed0000,0x0000000018fd0000]
[error occurred during error reporting (printing stack bounds), id 0xc0000005]

Native frames: (J=compiled Java code, j=interpreted, Vv=VM code, C=native code)


Current CompileTask:
C2: 145946 15890       4       org.gradle.internal.reflect.ClassInspector::inspectClass (144 bytes)


---------------  P R O C E S S  ---------------

Java Threads: ( => current thread )
  0x000000001d67d800 JavaThread "ForkJoinPool.commonPool-worker-6" daemon [_thread_blocked, id=9280, stack(0x000000002ae30000,0x000000002af30000)]
  0x000000001d67b000 JavaThread "ForkJoinPool.commonPool-worker-5" daemon [_thread_blocked, id=9384, stack(0x000000002ad30000,0x000000002ae30000)]
  0x000000001b482800 JavaThread "ForkJoinPool.commonPool-worker-4" daemon [_thread_blocked, id=9552, stack(0x000000002ab20000,0x000000002ac20000)]
  0x000000001b480800 JavaThread "ForkJoinPool.commonPool-worker-3" daemon [_thread_blocked, id=17900, stack(0x000000002a910000,0x000000002aa10000)]
  0x000000001b47f800 JavaThread "ForkJoinPool.commonPool-worker-2" daemon [_thread_blocked, id=19400, stack(0x00000000287b0000,0x00000000288b0000)]
  0x000000001b47d800 JavaThread "ForkJoinPool.commonPool-worker-1" daemon [_thread_blocked, id=14440, stack(0x00000000286b0000,0x00000000287b0000)]
  0x000000001d88e800 JavaThread "ForkJoinPool.commonPool-worker-0" daemon [_thread_blocked, id=20368, stack(0x00000000285b0000,0x00000000286b0000)]
  0x000000001d673800 JavaThread "WorkerExecutor Queue Thread 8" [_thread_blocked, id=4424, stack(0x00000000282e0000,0x00000000283e0000)]
  0x000000001d67a800 JavaThread "WorkerExecutor Queue Thread 7" [_thread_blocked, id=14264, stack(0x00000000281e0000,0x00000000282e0000)]
  0x000000001d673000 JavaThread "WorkerExecutor Queue Thread 6" [_thread_blocked, id=19772, stack(0x00000000280e0000,0x00000000281e0000)]
  0x000000001d679800 JavaThread "WorkerExecutor Queue Thread 5" [_thread_blocked, id=9332, stack(0x0000000027950000,0x0000000027a50000)]
  0x000000001d679000 JavaThread "WorkerExecutor Queue Thread 4" [_thread_blocked, id=5760, stack(0x0000000027850000,0x0000000027950000)]
  0x000000001d678000 JavaThread "WorkerExecutor Queue Thread 3" [_thread_blocked, id=7352, stack(0x0000000027750000,0x0000000027850000)]
  0x000000001d677800 JavaThread "stdout" [_thread_in_native, id=2240, stack(0x00000000270e0000,0x00000000271e0000)]
  0x000000001d672000 JavaThread "stderr" [_thread_in_native, id=12560, stack(0x0000000026fe0000,0x00000000270e0000)]
  0x000000001d675000 JavaThread "pool-5-thread-1" [_thread_blocked, id=18984, stack(0x0000000026ee0000,0x0000000026fe0000)]
  0x000000001d676800 JavaThread "WorkerExecutor Queue Thread 2" [_thread_blocked, id=7712, stack(0x0000000026de0000,0x0000000026ee0000)]
  0x000000001df31800 JavaThread "WorkerExecutor Queue" [_thread_blocked, id=12832, stack(0x0000000026590000,0x0000000026690000)]
  0x000000001df35000 JavaThread "Cache worker for execution history cache (C:\Users\vinee\AndroidStudioProjects\latest\.gradle\6.1.1\executionHistory)" [_thread_blocked, id=15576, stack(0x00000000266a0000,0x00000000267a0000)]
  0x000000001df2c000 JavaThread "Cache worker for file content cache (C:\Users\vinee\AndroidStudioProjects\latest\.gradle\6.1.1\fileContent)" [_thread_blocked, id=18244, stack(0x0000000023290000,0x0000000023390000)]
  0x000000001df2b000 JavaThread "Cache worker for Build Output Cleanup Cache (C:\Users\vinee\AndroidStudioProjects\latest\.gradle\buildOutputCleanup)" [_thread_blocked, id=12408, stack(0x0000000023190000,0x0000000023290000)]
  0x000000001df27800 JavaThread "Build operations Thread 8" [_thread_blocked, id=19896, stack(0x0000000023090000,0x0000000023190000)]
  0x000000001df2c800 JavaThread "Build operations Thread 7" [_thread_blocked, id=16724, stack(0x0000000022f90000,0x0000000023090000)]
  0x000000001df2e800 JavaThread "Build operations Thread 6" [_thread_blocked, id=7492, stack(0x0000000022e90000,0x0000000022f90000)]
  0x000000001df26800 JavaThread "Build operations Thread 5" [_thread_blocked, id=840, stack(0x0000000022d90000,0x0000000022e90000)]
  0x000000001df2d800 JavaThread "Build operations Thread 4" [_thread_blocked, id=11080, stack(0x0000000022c90000,0x0000000022d90000)]
  0x000000001d893000 JavaThread "Build operations Thread 3" [_thread_blocked, id=17952, stack(0x000000001fdc0000,0x000000001fec0000)]
  0x000000001d891800 JavaThread "Build operations Thread 2" [_thread_blocked, id=20016, stack(0x000000001fcc0000,0x000000001fdc0000)]
  0x000000001d890000 JavaThread "Build operations" [_thread_blocked, id=3784, stack(0x000000001fbc0000,0x000000001fcc0000)]
  0x000000001d891000 JavaThread "Cache worker for cache directory md-rule (C:\Users\vinee\.gradle\caches\6.1.1\md-rule)" [_thread_blocked, id=3820, stack(0x000000001fac0000,0x000000001fbc0000)]
  0x000000001d894800 JavaThread "Cache worker for cache directory md-supplier (C:\Users\vinee\.gradle\caches\6.1.1\md-supplier)" [_thread_blocked, id=20352, stack(0x000000001f6c0000,0x000000001f7c0000)]
  0x000000001d88f800 JavaThread "Cache worker for file hash cache (C:\Users\vinee\AndroidStudioProjects\latest\.gradle\6.1.1\fileHashes)" [_thread_blocked, id=11020, stack(0x000000001f3c0000,0x000000001f4c0000)]
  0x000000001d895800 JavaThread "Cache worker for checksums cache (C:\Users\vinee\AndroidStudioProjects\latest\.gradle\checksums)" [_thread_blocked, id=1400, stack(0x000000001cc20000,0x000000001cd20000)]
  0x000000001d894000 JavaThread "Thread-55" [_thread_blocked, id=15568, stack(0x000000001c920000,0x000000001ca20000)]
  0x000000001d888000 JavaThread "Stdin handler" [_thread_blocked, id=13228, stack(0x000000001c820000,0x000000001c920000)]
  0x000000001d886800 JavaThread "Asynchronous log dispatcher for DefaultDaemonConnection: socket connection from /127.0.0.1:63656 to /127.0.0.1:63709" [_thread_blocked, id=13520, stack(0x000000001c520000,0x000000001c620000)]
  0x000000001d88d000 JavaThread "Daemon worker Thread 2" [_thread_in_vm, id=13200, stack(0x000000001c420000,0x000000001c520000)]
  0x000000001d888800 JavaThread "Cancel handler" [_thread_blocked, id=10432, stack(0x0000000000c50000,0x0000000000d50000)]
  0x000000001d88b800 JavaThread "Handler for socket connection from /127.0.0.1:63656 to /127.0.0.1:63709" [_thread_in_native, id=17268, stack(0x0000000000b50000,0x0000000000c50000)]
  0x000000001d88a000 JavaThread "Daemon Thread 2" [_thread_blocked, id=19256, stack(0x0000000000a50000,0x0000000000b50000)]
  0x000000001d67c800 JavaThread "Cache worker for file content cache (C:\Users\vinee\.gradle\caches\6.1.1\fileContent)" [_thread_blocked, id=15492, stack(0x0000000024070000,0x0000000024170000)]
  0x000000001d676000 JavaThread "Memory manager" [_thread_blocked, id=16184, stack(0x0000000023f70000,0x0000000024070000)]
  0x000000001b481000 JavaThread "Cache worker for execution history cache (C:\Users\vinee\.gradle\caches\6.1.1\executionHistory)" [_thread_blocked, id=12116, stack(0x000000001f7c0000,0x000000001f8c0000)]
  0x000000001b47c800 JavaThread "Cache worker for file hash cache (C:\Users\vinee\.gradle\caches\6.1.1\fileHashes)" [_thread_blocked, id=15404, stack(0x000000001d120000,0x000000001d220000)]
  0x000000001b47c000 JavaThread "File lock request listener" [_thread_in_native, id=11672, stack(0x000000001d020000,0x000000001d120000)]
  0x000000001b244800 JavaThread "Cache worker for journal cache (C:\Users\vinee\.gradle\caches\journal-1)" [_thread_blocked, id=5200, stack(0x000000001cf20000,0x000000001d020000)]
  0x000000001ae05800 JavaThread "Daemon periodic checks" [_thread_blocked, id=8868, stack(0x000000001c320000,0x000000001c420000)]
  0x000000001b296800 JavaThread "Incoming local TCP Connector on port 63656" [_thread_in_native, id=14148, stack(0x000000001c0e0000,0x000000001c1e0000)]
  0x000000001b148800 JavaThread "Daemon health stats" [_thread_blocked, id=16656, stack(0x000000001aaa0000,0x000000001aba0000)]
  0x000000001848a000 JavaThread "Service Thread" daemon [_thread_blocked, id=12368, stack(0x00000000190d0000,0x00000000191d0000)]
  0x000000001661e800 JavaThread "C1 CompilerThread3" daemon [_thread_blocked, id=3432, stack(0x0000000018fd0000,0x00000000190d0000)]
=>0x000000001661a800 JavaThread "C2 CompilerThread2" daemon [_thread_in_native, id=1320, stack(0x0000000018ed0000,0x0000000018fd0000)]
  0x0000000016618800 JavaThread "C2 CompilerThread1" daemon [_thread_in_native, id=6956, stack(0x0000000018dd0000,0x0000000018ed0000)]
  0x0000000018408000 JavaThread "C2 CompilerThread0" daemon [_thread_in_native, id=13440, stack(0x0000000018cd0000,0x0000000018dd0000)]
  0x0000000018407000 JavaThread "Attach Listener" daemon [_thread_blocked, id=20316, stack(0x0000000018bd0000,0x0000000018cd0000)]
  0x000000001840d800 JavaThread "Signal Dispatcher" daemon [_thread_blocked, id=13124, stack(0x0000000018ad0000,0x0000000018bd0000)]
  0x00000000183f0800 JavaThread "Finalizer" daemon [_thread_blocked, id=4180, stack(0x00000000188d0000,0x00000000189d0000)]
  0x0000000002808800 JavaThread "Reference Handler" daemon [_thread_blocked, id=18820, stack(0x00000000187d0000,0x00000000188d0000)]
  0x000000000284d800 JavaThread "main" [_thread_blocked, id=4024, stack(0x00000000025e0000,0x00000000026e0000)]

Other Threads:
  0x0000000016607800 VMThread [stack: 0x00000000182d0000,0x00000000183d0000] [id=13560]
  0x000000001848a800 WatcherThread [stack: 0x00000000191d0000,0x00000000192d0000] [id=8428]

VM state:not at safepoint (normal execution)

VM Mutex/Monitor currently owned by a thread: None

heap address: 0x00000000a0000000, size: 1536 MB, Compressed Oops mode: 32-bit
Narrow klass base: 0x0000000000000000, Narrow klass shift: 3
Compressed class space size: 1073741824 Address: 0x0000000100000000

Heap:
 PSYoungGen      total 359424K, used 48396K [0x00000000e0000000, 0x00000000fa780000, 0x0000000100000000)
  eden space 314880K, 9% used [0x00000000e0000000,0x00000000e1e204a8,0x00000000f3380000)
  from space 44544K, 39% used [0x00000000f3380000,0x00000000f44a2ce0,0x00000000f5f00000)
  to   space 41984K, 0% used [0x00000000f7e80000,0x00000000f7e80000,0x00000000fa780000)
 ParOldGen       total 209920K, used 101647K [0x00000000a0000000, 0x00000000acd00000, 0x00000000e0000000)
  object space 209920K, 48% used [0x00000000a0000000,0x00000000a6343c48,0x00000000acd00000)
 Metaspace       used 84223K, capacity 88000K, committed 89640K, reserved 1126400K
  class space    used 11149K, capacity 11890K, committed 12328K, reserved 1048576K

Card table byte_map: [0x0000000011c10000,0x0000000011f20000] byte_map_base: 0x0000000011710000

Marking Bits: (ParMarkBitMap*) 0x000000006a63f030
 Begin Bits: [0x0000000012920000, 0x0000000014120000)
 End Bits:   [0x0000000014120000, 0x0000000015920000)

Polling page: 0x0000000000e10000

CodeCache: size=245760Kb used=42038Kb max_used=42556Kb free=203721Kb
 bounds [0x0000000002850000, 0x0000000005220000, 0x0000000011850000]
 total_blobs=13715 nmethods=12854 adapters=772
 compilation: enabled

Compilation events (10 events):
Event: 145.841 Thread 0x000000001661e800 15922   !   3       sun.reflect.GeneratedMethodAccessor14::invoke (63 bytes)
Event: 145.842 Thread 0x000000001661e800 nmethod 15922 0x0000000003de9890 code [0x0000000003de9ac0, 0x0000000003dea4c8]
Event: 145.842 Thread 0x000000001661e800 15923       3       org.codehaus.groovy.runtime.MetaClassHelper::capitalize (64 bytes)
Event: 145.844 Thread 0x000000001661e800 nmethod 15923 0x00000000044573d0 code [0x00000000044576e0, 0x0000000004458e98]
Event: 145.933 Thread 0x000000001661e800 15924       1       com.google.crypto.tink.KeyTypeManager$PrimitiveFactory::getPrimitiveClass (5 bytes)
Event: 145.933 Thread 0x000000001661e800 nmethod 15924 0x000000000363b610 code [0x000000000363b760, 0x000000000363b870]
Event: 145.940 Thread 0x000000001661e800 15925       3       java.lang.Class::getConstructors (18 bytes)
Event: 145.940 Thread 0x000000001661e800 nmethod 15925 0x0000000003af9fd0 code [0x0000000003afa160, 0x0000000003afa398]
Event: 145.942 Thread 0x000000001661e800 15926       3       java.util.stream.ForEachOps$ForEachOp::evaluateSequential (13 bytes)
Event: 145.942 Thread 0x000000001661e800 nmethod 15926 0x0000000002f74690 code [0x0000000002f74800, 0x0000000002f74be8]

GC Heap History (10 events):
Event: 17.243 GC heap before
{Heap before GC invocations=17 (full 3):
 PSYoungGen      total 257024K, used 257003K [0x00000000e0000000, 0x00000000f5000000, 0x0000000100000000)
  eden space 233984K, 100% used [0x00000000e0000000,0x00000000ee480000,0x00000000ee480000)
  from space 23040K, 99% used [0x00000000ee480000,0x00000000efafac78,0x00000000efb00000)
  to   space 30208K, 0% used [0x00000000f3280000,0x00000000f3280000,0x00000000f5000000)
 ParOldGen       total 110592K, used 51030K [0x00000000a0000000, 0x00000000a6c00000, 0x00000000e0000000)
  object space 110592K, 46% used [0x00000000a0000000,0x00000000a31d5950,0x00000000a6c00000)
 Metaspace       used 77476K, capacity 82314K, committed 82600K, reserved 1120256K
  class space    used 10677K, capacity 11587K, committed 11688K, reserved 1048576K
Event: 17.342 GC heap after
Heap after GC invocations=17 (full 3):
 PSYoungGen      total 294912K, used 30192K [0x00000000e0000000, 0x00000000f8780000, 0x0000000100000000)
  eden space 264704K, 0% used [0x00000000e0000000,0x00000000e0000000,0x00000000f0280000)
  from space 30208K, 99% used [0x00000000f3280000,0x00000000f4ffc140,0x00000000f5000000)
  to   space 49152K, 0% used [0x00000000f0280000,0x00000000f0280000,0x00000000f3280000)
 ParOldGen       total 110592K, used 89171K [0x00000000a0000000, 0x00000000a6c00000, 0x00000000e0000000)
  object space 110592K, 80% used [0x00000000a0000000,0x00000000a5714e70,0x00000000a6c00000)
 Metaspace       used 77476K, capacity 82314K, committed 82600K, reserved 1120256K
  class space    used 10677K, capacity 11587K, committed 11688K, reserved 1048576K
}
Event: 17.342 GC heap before
{Heap before GC invocations=18 (full 4):
 PSYoungGen      total 294912K, used 30192K [0x00000000e0000000, 0x00000000f8780000, 0x0000000100000000)
  eden space 264704K, 0% used [0x00000000e0000000,0x00000000e0000000,0x00000000f0280000)
  from space 30208K, 99% used [0x00000000f3280000,0x00000000f4ffc140,0x00000000f5000000)
  to   space 49152K, 0% used [0x00000000f0280000,0x00000000f0280000,0x00000000f3280000)
 ParOldGen       total 110592K, used 89171K [0x00000000a0000000, 0x00000000a6c00000, 0x00000000e0000000)
  object space 110592K, 80% used [0x00000000a0000000,0x00000000a5714e70,0x00000000a6c00000)
 Metaspace       used 77476K, capacity 82314K, committed 82600K, reserved 1120256K
  class space    used 10677K, capacity 11587K, committed 11688K, reserved 1048576K
Event: 17.909 GC heap after
Heap after GC invocations=18 (full 4):
 PSYoungGen      total 294912K, used 0K [0x00000000e0000000, 0x00000000f8780000, 0x0000000100000000)
  eden space 264704K, 0% used [0x00000000e0000000,0x00000000e0000000,0x00000000f0280000)
  from space 30208K, 0% used [0x00000000f3280000,0x00000000f3280000,0x00000000f5000000)
  to   space 49152K, 0% used [0x00000000f0280000,0x00000000f0280000,0x00000000f3280000)
 ParOldGen       total 209920K, used 101623K [0x00000000a0000000, 0x00000000acd00000, 0x00000000e0000000)
  object space 209920K, 48% used [0x00000000a0000000,0x00000000a633dc48,0x00000000acd00000)
 Metaspace       used 76665K, capacity 80060K, committed 82600K, reserved 1120256K
  class space    used 10405K, capacity 11108K, committed 11688K, reserved 1048576K
}
Event: 138.803 GC heap before
{Heap before GC invocations=19 (full 4):
 PSYoungGen      total 294912K, used 264704K [0x00000000e0000000, 0x00000000f8780000, 0x0000000100000000)
  eden space 264704K, 100% used [0x00000000e0000000,0x00000000f0280000,0x00000000f0280000)
  from space 30208K, 0% used [0x00000000f3280000,0x00000000f3280000,0x00000000f5000000)
  to   space 49152K, 0% used [0x00000000f0280000,0x00000000f0280000,0x00000000f3280000)
 ParOldGen       total 209920K, used 101623K [0x00000000a0000000, 0x00000000acd00000, 0x00000000e0000000)
  object space 209920K, 48% used [0x00000000a0000000,0x00000000a633dc48,0x00000000acd00000)
 Metaspace       used 81957K, capacity 85664K, committed 87592K, reserved 1124352K
  class space    used 10879K, capacity 11616K, committed 12072K, reserved 1048576K
Event: 138.822 GC heap after
Heap after GC invocations=19 (full 4):
 PSYoungGen      total 313856K, used 15618K [0x00000000e0000000, 0x00000000f9680000, 0x0000000100000000)
  eden space 264704K, 0% used [0x00000000e0000000,0x00000000e0000000,0x00000000f0280000)
  from space 49152K, 31% used [0x00000000f0280000,0x00000000f11c0a50,0x00000000f3280000)
  to   space 46592K, 0% used [0x00000000f6900000,0x00000000f6900000,0x00000000f9680000)
 ParOldGen       total 209920K, used 101631K [0x00000000a0000000, 0x00000000acd00000, 0x00000000e0000000)
  object space 209920K, 48% used [0x00000000a0000000,0x00000000a633fc48,0x00000000acd00000)
 Metaspace       used 81957K, capacity 85664K, committed 87592K, reserved 1124352K
  class space    used 10879K, capacity 11616K, committed 12072K, reserved 1048576K
}
Event: 143.189 GC heap before
{Heap before GC invocations=20 (full 4):
 PSYoungGen      total 313856K, used 280233K [0x00000000e0000000, 0x00000000f9680000, 0x0000000100000000)
  eden space 264704K, 99% used [0x00000000e0000000,0x00000000f0269a40,0x00000000f0280000)
  from space 49152K, 31% used [0x00000000f0280000,0x00000000f11c0a50,0x00000000f3280000)
  to   space 46592K, 0% used [0x00000000f6900000,0x00000000f6900000,0x00000000f9680000)
 ParOldGen       total 209920K, used 101631K [0x00000000a0000000, 0x00000000acd00000, 0x00000000e0000000)
  object space 209920K, 48% used [0x00000000a0000000,0x00000000a633fc48,0x00000000acd00000)
 Metaspace       used 82595K, capacity 86410K, committed 88104K, reserved 1126400K
  class space    used 10889K, capacity 11665K, committed 12072K, reserved 1048576K
Event: 143.206 GC heap after
Heap after GC invocations=20 (full 4):
 PSYoungGen      total 349184K, used 12367K [0x00000000e0000000, 0x00000000f8a80000, 0x0000000100000000)
  eden space 314880K, 0% used [0x00000000e0000000,0x00000000e0000000,0x00000000f3380000)
  from space 34304K, 36% used [0x00000000f6900000,0x00000000f7513f40,0x00000000f8a80000)
  to   space 44544K, 0% used [0x00000000f3380000,0x00000000f3380000,0x00000000f5f00000)
 ParOldGen       total 209920K, used 101639K [0x00000000a0000000, 0x00000000acd00000, 0x00000000e0000000)
  object space 209920K, 48% used [0x00000000a0000000,0x00000000a6341c48,0x00000000acd00000)
 Metaspace       used 82595K, capacity 86410K, committed 88104K, reserved 1126400K
  class space    used 10889K, capacity 11665K, committed 12072K, reserved 1048576K
}
Event: 145.365 GC heap before
{Heap before GC invocations=21 (full 4):
 PSYoungGen      total 349184K, used 327247K [0x00000000e0000000, 0x00000000f8a80000, 0x0000000100000000)
  eden space 314880K, 100% used [0x00000000e0000000,0x00000000f3380000,0x00000000f3380000)
  from space 34304K, 36% used [0x00000000f6900000,0x00000000f7513f40,0x00000000f8a80000)
  to   space 44544K, 0% used [0x00000000f3380000,0x00000000f3380000,0x00000000f5f00000)
 ParOldGen       total 209920K, used 101639K [0x00000000a0000000, 0x00000000acd00000, 0x00000000e0000000)
  object space 209920K, 48% used [0x00000000a0000000,0x00000000a6341c48,0x00000000acd00000)
 Metaspace       used 82777K, capacity 86572K, committed 88360K, reserved 1126400K
  class space    used 10905K, capacity 11668K, committed 12072K, reserved 1048576K
Event: 145.379 GC heap after
Heap after GC invocations=21 (full 4):
 PSYoungGen      total 359424K, used 17547K [0x00000000e0000000, 0x00000000fa780000, 0x0000000100000000)
  eden space 314880K, 0% used [0x00000000e0000000,0x00000000e0000000,0x00000000f3380000)
  from space 44544K, 39% used [0x00000000f3380000,0x00000000f44a2ce0,0x00000000f5f00000)
  to   space 41984K, 0% used [0x00000000f7e80000,0x00000000f7e80000,0x00000000fa780000)
 ParOldGen       total 209920K, used 101647K [0x00000000a0000000, 0x00000000acd00000, 0x00000000e0000000)
  object space 209920K, 48% used [0x00000000a0000000,0x00000000a6343c48,0x00000000acd00000)
 Metaspace       used 82777K, capacity 86572K, committed 88360K, reserved 1126400K
  class space    used 10905K, capacity 11668K, committed 12072K, reserved 1048576K
}

Deoptimization events (10 events):
Event: 144.245 Thread 0x000000001d673000 Uncommon trap: reason=unstable_if action=reinterpret pc=0x0000000004730848 method=com.android.tools.r8.graph.e0.c(Lcom/android/tools/r8/graph/e0;)I @ 80
Event: 144.802 Thread 0x000000001b47d800 Uncommon trap: reason=unstable_if action=reinterpret pc=0x000000000459aae0 method=com.android.tools.r8.dex.m.c(I)V @ 8
Event: 145.109 Thread 0x000000001d679800 Uncommon trap: reason=predicate action=maybe_recompile pc=0x0000000004cbdd6c method=com.google.common.collect.RegularImmutableMap.fromEntryArray(I[Ljava/util/Map$Entry;)Lcom/google/common/collect/ImmutableMap; @ 62
Event: 145.115 Thread 0x000000001d679800 Uncommon trap: reason=class_check action=maybe_recompile pc=0x0000000002f13548 method=java.io.DataInputStream.readUnsignedShort()I @ 4
Event: 145.115 Thread 0x000000001d679800 Uncommon trap: reason=class_check action=maybe_recompile pc=0x0000000002f13548 method=java.io.DataInputStream.readUnsignedShort()I @ 4
Event: 145.121 Thread 0x000000001d679800 Uncommon trap: reason=unstable_if action=reinterpret pc=0x00000000046d3530 method=java.util.stream.StreamOpFlag.getMask(I)I @ 1
Event: 145.479 Thread 0x000000001d88d000 Uncommon trap: reason=array_check action=maybe_recompile pc=0x00000000050c2bd4 method=java.util.TimSort.mergeLo(IIII)V @ 81
Event: 145.527 Thread 0x000000001d88d000 Uncommon trap: reason=array_check action=maybe_recompile pc=0x00000000050c2bd4 method=java.util.TimSort.mergeLo(IIII)V @ 81
Event: 145.664 Thread 0x000000001d88d000 Uncommon trap: reason=class_check action=maybe_recompile pc=0x0000000003d78c5c method=java.util.Spliterators$ArraySpliterator.tryAdvance(Ljava/util/function/Consumer;)Z @ 49
Event: 145.721 Thread 0x000000001d88d000 Uncommon trap: reason=null_check action=make_not_entrant pc=0x000000000407b00c method=org.gradle.internal.instantiation.generator.AbstractClassGenerator.isPropertyProperty(Ljava/lang/Class;)Z @ 3

Classes redefined (0 events):
No events

Internal exceptions (10 events):
Event: 143.309 Thread 0x000000001df31800 Exception <a 'sun/nio/fs/WindowsException'> (0x00000000e0af6990) thrown at [C:\src\AOSP-openjdk-git\hotspot\src\share\vm\prims\jni.cpp, line 710]
Event: 143.311 Thread 0x000000001df31800 Exception <a 'sun/nio/fs/WindowsException'> (0x00000000e0b3e188) thrown at [C:\src\AOSP-openjdk-git\hotspot\src\share\vm\prims\jni.cpp, line 710]
Event: 143.314 Thread 0x000000001df31800 Exception <a 'sun/nio/fs/WindowsException'> (0x00000000e0b46638) thrown at [C:\src\AOSP-openjdk-git\hotspot\src\share\vm\prims\jni.cpp, line 710]
Event: 143.316 Thread 0x000000001df31800 Exception <a 'sun/nio/fs/WindowsException'> (0x00000000e0b4fcc8) thrown at [C:\src\AOSP-openjdk-git\hotspot\src\share\vm\prims\jni.cpp, line 710]
Event: 143.573 Thread 0x000000001d673000 Exception <a 'sun/nio/fs/WindowsException'> (0x00000000e1f371a0) thrown at [C:\src\AOSP-openjdk-git\hotspot\src\share\vm\prims\jni.cpp, line 710]
Event: 143.602 Thread 0x000000001d673800 Exception <a 'sun/nio/fs/WindowsException'> (0x00000000e2eba7c0) thrown at [C:\src\AOSP-openjdk-git\hotspot\src\share\vm\prims\jni.cpp, line 710]
Event: 143.819 Thread 0x000000001b47d800 Exception <a 'sun/nio/fs/WindowsException'> (0x00000000e5720518) thrown at [C:\src\AOSP-openjdk-git\hotspot\src\share\vm\prims\jni.cpp, line 710]
Event: 145.034 Thread 0x000000001b47d800 Exception <a 'sun/nio/fs/WindowsException'> (0x00000000f20d0d28) thrown at [C:\src\AOSP-openjdk-git\hotspot\src\share\vm\prims\jni.cpp, line 710]
Event: 145.122 Thread 0x000000001d679800 Exception <a 'sun/nio/fs/WindowsException'> (0x00000000f22b2f70) thrown at [C:\src\AOSP-openjdk-git\hotspot\src\share\vm\prims\jni.cpp, line 710]
Event: 145.122 Thread 0x000000001d679800 Exception <a 'sun/nio/fs/WindowsException'> (0x00000000f22b3418) thrown at [C:\src\AOSP-openjdk-git\hotspot\src\share\vm\prims\jni.cpp, line 710]

Events (10 events):
Event: 145.927 loading class com/google/crypto/tink/Registry$3
Event: 145.927 loading class com/google/crypto/tink/Registry$3 done
Event: 145.928 loading class com/google/crypto/tink/hybrid/HybridDecryptWrapper
Event: 145.928 loading class com/google/crypto/tink/hybrid/HybridDecryptWrapper done
Event: 145.929 loading class com/google/crypto/tink/hybrid/HybridEncryptWrapper
Event: 145.930 loading class com/google/crypto/tink/hybrid/HybridEncryptWrapper done
Event: 145.936 loading class com/android/build/gradle/internal/tasks/SigningReportTask$SigningInfo
Event: 145.936 loading class com/android/build/gradle/internal/tasks/SigningReportTask$SigningInfo done
Event: 145.938 Thread 0x000000001d88d000 DEOPT PACKING pc=0x0000000003647946 sp=0x000000001c51ab00
Event: 145.938 Thread 0x000000001d88d000 DEOPT UNPACKING pc=0x00000000028975d0 sp=0x000000001c51a960 mode 0


Dynamic libraries:
0x00007ff6b5420000 - 0x00007ff6b5451000 	C:\Program Files\Android\Android Studio1\jre\bin\java.exe
0x00007ffd31660000 - 0x00007ffd31850000 	C:\WINDOWS\SYSTEM32\ntdll.dll
0x00007ffd2fa80000 - 0x00007ffd2fb32000 	C:\WINDOWS\System32\KERNEL32.DLL
0x00007ffd2e730000 - 0x00007ffd2e9d4000 	C:\WINDOWS\System32\KERNELBASE.dll
0x00007ffd2f710000 - 0x00007ffd2f7b3000 	C:\WINDOWS\System32\ADVAPI32.dll
0x00007ffd30840000 - 0x00007ffd308de000 	C:\WINDOWS\System32\msvcrt.dll
0x00007ffd307a0000 - 0x00007ffd30837000 	C:\WINDOWS\System32\sechost.dll
0x00007ffd2f960000 - 0x00007ffd2fa80000 	C:\WINDOWS\System32\RPCRT4.dll
0x00007ffd2fd20000 - 0x00007ffd2feb4000 	C:\WINDOWS\System32\USER32.dll
0x00007ffd2e700000 - 0x00007ffd2e721000 	C:\WINDOWS\System32\win32u.dll
0x00007ffd30cf0000 - 0x00007ffd30d16000 	C:\WINDOWS\System32\GDI32.dll
0x00007ffd2f420000 - 0x00007ffd2f5b4000 	C:\WINDOWS\System32\gdi32full.dll
0x00007ffd2eb00000 - 0x00007ffd2eb9e000 	C:\WINDOWS\System32\msvcp_win.dll
0x00007ffd2e9e0000 - 0x00007ffd2eada000 	C:\WINDOWS\System32\ucrtbase.dll
0x00007ffd14db0000 - 0x00007ffd15034000 	C:\WINDOWS\WinSxS\amd64_microsoft.windows.common-controls_6595b64144ccf1df_6.0.18362.836_none_e6c4b943130f18ed\COMCTL32.dll
0x00007ffd308e0000 - 0x00007ffd30c16000 	C:\WINDOWS\System32\combase.dll
0x00007ffd2e650000 - 0x00007ffd2e6d0000 	C:\WINDOWS\System32\bcryptPrimitives.dll
0x00007ffd31540000 - 0x00007ffd3156e000 	C:\WINDOWS\System32\IMM32.DLL
0x0000000069cb0000 - 0x0000000069d82000 	C:\Program Files\Android\Android Studio1\jre\jre\bin\msvcr100.dll
0x0000000069e70000 - 0x000000006a6bb000 	C:\Program Files\Android\Android Studio1\jre\jre\bin\server\jvm.dll
0x00007ffd2fec0000 - 0x00007ffd2fec8000 	C:\WINDOWS\System32\PSAPI.DLL
0x00007ffd2ce80000 - 0x00007ffd2ce89000 	C:\WINDOWS\SYSTEM32\WSOCK32.dll
0x00007ffd2c3b0000 - 0x00007ffd2c3d4000 	C:\WINDOWS\SYSTEM32\WINMM.dll
0x00007ffd28a90000 - 0x00007ffd28a9a000 	C:\WINDOWS\SYSTEM32\VERSION.dll
0x00007ffd30ed0000 - 0x00007ffd30f3f000 	C:\WINDOWS\System32\WS2_32.dll
0x00007ffd2c330000 - 0x00007ffd2c35d000 	C:\WINDOWS\SYSTEM32\winmmbase.dll
0x00007ffd2f320000 - 0x00007ffd2f36a000 	C:\WINDOWS\System32\cfgmgr32.dll
0x00007ffd2c4c0000 - 0x00007ffd2c4cf000 	C:\Program Files\Android\Android Studio1\jre\jre\bin\verify.dll
0x00007ffd293c0000 - 0x00007ffd293e9000 	C:\Program Files\Android\Android Studio1\jre\jre\bin\java.dll
0x00007ffd2bd00000 - 0x00007ffd2bd16000 	C:\Program Files\Android\Android Studio1\jre\jre\bin\zip.dll
0x00007ffd2ff50000 - 0x00007ffd30634000 	C:\WINDOWS\System32\SHELL32.dll
0x00007ffd31570000 - 0x00007ffd31619000 	C:\WINDOWS\System32\shcore.dll
0x00007ffd2eba0000 - 0x00007ffd2f31e000 	C:\WINDOWS\System32\windows.storage.dll
0x00007ffd2e5c0000 - 0x00007ffd2e5e3000 	C:\WINDOWS\System32\profapi.dll
0x00007ffd2e530000 - 0x00007ffd2e57a000 	C:\WINDOWS\System32\powrprof.dll
0x00007ffd2e520000 - 0x00007ffd2e530000 	C:\WINDOWS\System32\UMPDC.dll
0x00007ffd314e0000 - 0x00007ffd31532000 	C:\WINDOWS\System32\shlwapi.dll
0x00007ffd2e580000 - 0x00007ffd2e591000 	C:\WINDOWS\System32\kernel.appcore.dll
0x00007ffd2eae0000 - 0x00007ffd2eaf7000 	C:\WINDOWS\System32\cryptsp.dll
0x00007ffd2b550000 - 0x00007ffd2b56a000 	C:\Program Files\Android\Android Studio1\jre\jre\bin\net.dll
0x00007ffd2dd30000 - 0x00007ffd2dd97000 	C:\WINDOWS\system32\mswsock.dll
0x00007ffd29af0000 - 0x00007ffd29b03000 	C:\Program Files\Android\Android Studio1\jre\jre\bin\nio.dll
0x00007ffd15900000 - 0x00007ffd15926000 	C:\Users\vinee\.gradle\native\31\windows-amd64\native-platform.dll
0x00007ffd2bc70000 - 0x00007ffd2bc7d000 	C:\Program Files\Android\Android Studio1\jre\jre\bin\management.dll
0x00007ffd2d8a0000 - 0x00007ffd2d8d3000 	C:\WINDOWS\system32\rsaenh.dll
0x00007ffd2e6d0000 - 0x00007ffd2e6f6000 	C:\WINDOWS\System32\bcrypt.dll
0x00007ffd2e410000 - 0x00007ffd2e435000 	C:\WINDOWS\SYSTEM32\USERENV.dll
0x00007ffd2df00000 - 0x00007ffd2df0c000 	C:\WINDOWS\SYSTEM32\CRYPTBASE.dll
0x00007ffd2da40000 - 0x00007ffd2da7a000 	C:\WINDOWS\SYSTEM32\IPHLPAPI.DLL
0x00007ffd2ff40000 - 0x00007ffd2ff48000 	C:\WINDOWS\System32\NSI.dll
0x00007ffd25f60000 - 0x00007ffd25f76000 	C:\WINDOWS\SYSTEM32\dhcpcsvc6.DLL
0x00007ffd26e10000 - 0x00007ffd26e2c000 	C:\WINDOWS\SYSTEM32\dhcpcsvc.DLL
0x00007ffd2da80000 - 0x00007ffd2db4b000 	C:\WINDOWS\SYSTEM32\DNSAPI.dll

VM Arguments:
jvm_args: -Xmx1536m -Dfile.encoding=windows-1252 -Duser.country=CA -Duser.language=en -Duser.variant 
java_command: org.gradle.launcher.daemon.bootstrap.GradleDaemon 6.1.1
java_class_path (initial): C:\Users\vinee\.gradle\wrapper\dists\gradle-6.1.1-all\cfmwm155h49vnt3hynmlrsdst\gradle-6.1.1\lib\gradle-launcher-6.1.1.jar
Launcher Type: SUN_STANDARD

Environment Variables:
PATH=C:\WINDOWS\system32;C:\WINDOWS;C:\WINDOWS\System32\Wbem;C:\WINDOWS\System32\WindowsPowerShell\v1.0\;C:\WINDOWS\System32\OpenSSH\;C:\Program Files\Git\cmd;C:\Program Files\nodejs\;C:\Program Files\Amazon\AWSCLI\bin\;C:\Program Files\MySQL\MySQL Shell 8.0\bin\;C:\Users\vinee\AppData\Local\Microsoft\WindowsApps;C:\Users\vinee\AppData\Roaming\npm
USERNAME=vinee
OS=Windows_NT
PROCESSOR_IDENTIFIER=Intel64 Family 6 Model 142 Stepping 12, GenuineIntel



---------------  S Y S T E M  ---------------

OS: Windows 10.0 , 64 bit Build 18362 (10.0.18362.778)

CPU:total 8 (initial active 8) (4 cores per cpu, 2 threads per core) family 6 model 142 stepping 12, cmov, cx8, fxsr, mmx, sse, sse2, sse3, ssse3, sse4.1, sse4.2, popcnt, avx, avx2, aes, clmul, erms, 3dnowpref, lzcnt, ht, tsc, tscinvbit, bmi1, bmi2, adx

Memory: 4k page, physical 8272180k(2452564k free), swap 33438004k(616k free)

vm_info: OpenJDK 64-Bit Server VM (25.242-b01) for windows-amd64 JRE (1.8.0_242-release-1644-b01), built by "builder" with MS VC++ 10.0 (VS2010)

time: Sun Jun 14 10:53:18 2020
timezone: Eastern Daylight Time
elapsed time: 145 seconds (0d 0h 2m 25s)

