#
# There is insufficient memory for the Java Runtime Environment to continue.
# Native memory allocation (malloc) failed to allocate 1097136 bytes for Chunk::new
# Possible reasons:
#   The system is out of physical RAM or swap space
#   The process is running with CompressedOops enabled, and the Java Heap may be blocking the growth of the native heap
# Possible solutions:
#   Reduce memory load on the system
#   Increase physical memory or swap space
#   Check if swap backing store is full
#   Decrease Java heap size (-Xmx/-Xms)
#   Decrease number of Java threads
#   Decrease Java thread stack sizes (-Xss)
#   Set larger code cache with -XX:ReservedCodeCacheSize=
#   JVM is running with Unscaled Compressed Oops mode in which the Java heap is
#     placed in the first 4GB address space. The Java Heap base address is the
#     maximum limit for the native heap growth. Please use -XX:HeapBaseMinAddress
#     to set the Java Heap base and to place the Java Heap above 4GB virtual address.
# This output file may be truncated or incomplete.
#
#  Out of Memory Error (allocation.cpp:389), pid=5000, tid=0x0000000000003338
#
# JRE version: OpenJDK Runtime Environment (8.0_242-b01) (build 1.8.0_242-release-1644-b01)
# Java VM: OpenJDK 64-Bit Server VM (25.242-b01 mixed mode windows-amd64 compressed oops)
# Failed to write core dump. Minidumps are not enabled by default on client versions of Windows
#

---------------  T H R E A D  ---------------

Current thread (0x00000000188ba800):  JavaThread "C2 CompilerThread1" daemon [_thread_in_native, id=13112, stack(0x0000000019280000,0x0000000019380000)]

Stack: [0x0000000019280000,0x0000000019380000]
[error occurred during error reporting (printing stack bounds), id 0xc0000005]

Native frames: (J=compiled Java code, j=interpreted, Vv=VM code, C=native code)


Current CompileTask:
C2:  24434 9617   !   4       java.io.ObjectInputStream::readSerialData (367 bytes)


---------------  P R O C E S S  ---------------

Java Threads: ( => current thread )
  0x000000001af85800 JavaThread "stdout" [_thread_in_native, id=18836, stack(0x00000000289b0000,0x0000000028ab0000)]
  0x000000001ded7800 JavaThread "stderr" [_thread_in_native, id=14500, stack(0x00000000288b0000,0x00000000289b0000)]
  0x000000001decb800 JavaThread "stdout" [_thread_in_native, id=14652, stack(0x0000000027fb0000,0x00000000280b0000)]
  0x000000001decf000 JavaThread "stderr" [_thread_in_native, id=14680, stack(0x0000000027eb0000,0x0000000027fb0000)]
  0x000000001decd800 JavaThread "stdout" [_thread_in_native, id=10436, stack(0x0000000027bb0000,0x0000000027cb0000)]
  0x000000001ded1800 JavaThread "stderr" [_thread_in_native, id=10088, stack(0x0000000027850000,0x0000000027950000)]
  0x000000001deca000 JavaThread "pool-2-thread-1" [_thread_blocked, id=11936, stack(0x0000000027ab0000,0x0000000027bb0000)]
  0x000000001ded0800 JavaThread "WorkerExecutor Queue Thread 8" [_thread_blocked, id=11032, stack(0x00000000279b0000,0x0000000027ab0000)]
  0x000000001decc000 JavaThread "WorkerExecutor Queue Thread 7" [_thread_blocked, id=9212, stack(0x00000000271c0000,0x00000000272c0000)]
  0x000000001dec8800 JavaThread "WorkerExecutor Queue Thread 6" [_thread_blocked, id=1452, stack(0x0000000027530000,0x0000000027630000)]
  0x000000001dec9000 JavaThread "WorkerExecutor Queue Thread 5" [_thread_blocked, id=14076, stack(0x0000000027750000,0x0000000027850000)]
  0x000000001dece800 JavaThread "WorkerExecutor Queue Thread 4" [_thread_blocked, id=1836, stack(0x0000000027650000,0x0000000027750000)]
  0x000000001f438800 JavaThread "WorkerExecutor Queue Thread 3" [_thread_blocked, id=8204, stack(0x0000000027430000,0x0000000027530000)]
  0x000000001f436000 JavaThread "WorkerExecutor Queue Thread 2" [_thread_blocked, id=14584, stack(0x0000000027330000,0x0000000027430000)]
  0x000000001af83000 JavaThread "WorkerExecutor Queue" [_thread_blocked, id=19044, stack(0x0000000026a20000,0x0000000026b20000)]
  0x000000001af87000 JavaThread "Cache worker for execution history cache (C:\Users\vinee\AndroidStudioProjects\latest\.gradle\5.6.4\executionHistory)" [_thread_blocked, id=14472, stack(0x0000000026bc0000,0x0000000026cc0000)]
  0x000000001af86000 JavaThread "Execution worker for ':' Thread 7" [_thread_in_native, id=2844, stack(0x0000000026480000,0x0000000026580000)]
  0x0000000020a22800 JavaThread "Execution worker for ':' Thread 6" [_thread_in_native, id=2160, stack(0x0000000026380000,0x0000000026480000)]
  0x0000000020a1d800 JavaThread "Execution worker for ':' Thread 5" [_thread_in_native, id=9064, stack(0x0000000026280000,0x0000000026380000)]
  0x0000000020a22000 JavaThread "Execution worker for ':' Thread 4" [_thread_blocked, id=20260, stack(0x0000000026180000,0x0000000026280000)]
  0x0000000020a21000 JavaThread "Execution worker for ':' Thread 3" [_thread_blocked, id=3936, stack(0x0000000026080000,0x0000000026180000)]
  0x0000000020a23800 JavaThread "Execution worker for ':' Thread 2" [_thread_blocked, id=9636, stack(0x0000000025f80000,0x0000000026080000)]
  0x0000000020a24000 JavaThread "Execution worker for ':'" [_thread_in_native, id=5024, stack(0x0000000025970000,0x0000000025a70000)]
  0x0000000020a1e000 JavaThread "Cache worker for file content cache (C:\Users\vinee\AndroidStudioProjects\latest\.gradle\5.6.4\fileContent)" [_thread_blocked, id=9256, stack(0x0000000025670000,0x0000000025770000)]
  0x000000001ef61000 JavaThread "Cache worker for file content cache (C:\Users\vinee\.gradle\caches\5.6.4\fileContent)" [_thread_blocked, id=8416, stack(0x0000000023f80000,0x0000000024080000)]
  0x000000001ef60000 JavaThread "Memory manager" [_thread_blocked, id=7740, stack(0x0000000023ac0000,0x0000000023bc0000)]
  0x000000001ef5e000 JavaThread "Cache worker for Build Output Cleanup Cache (C:\Users\vinee\AndroidStudioProjects\latest\.gradle\buildOutputCleanup)" [_thread_blocked, id=17684, stack(0x0000000023c80000,0x0000000023d80000)]
  0x000000001ef55800 JavaThread "Build operations Thread 8" [_thread_blocked, id=19148, stack(0x00000000231c0000,0x00000000232c0000)]
  0x000000001ef5c800 JavaThread "Build operations Thread 7" [_thread_blocked, id=1532, stack(0x00000000230c0000,0x00000000231c0000)]
  0x000000001ef5b800 JavaThread "Build operations Thread 6" [_thread_blocked, id=14308, stack(0x0000000022fc0000,0x00000000230c0000)]
  0x000000001ef54000 JavaThread "Build operations Thread 5" [_thread_blocked, id=15008, stack(0x0000000022ec0000,0x0000000022fc0000)]
  0x000000001ef5b000 JavaThread "Build operations Thread 4" [_thread_blocked, id=3708, stack(0x0000000021bb0000,0x0000000021cb0000)]
  0x000000001ef5a000 JavaThread "Build operations Thread 3" [_thread_blocked, id=13636, stack(0x0000000021ab0000,0x0000000021bb0000)]
  0x000000001ef56800 JavaThread "Build operations Thread 2" [_thread_blocked, id=16404, stack(0x00000000219b0000,0x0000000021ab0000)]
  0x000000001ef52800 JavaThread "Build operations" [_thread_blocked, id=2596, stack(0x00000000218b0000,0x00000000219b0000)]
  0x000000001ef59800 JavaThread "Cache worker for execution history cache (C:\Users\vinee\.gradle\caches\5.6.4\executionHistory)" [_thread_blocked, id=20176, stack(0x00000000215b0000,0x00000000216b0000)]
  0x000000001ef58800 JavaThread "Cache worker for cache directory md-rule (C:\Users\vinee\.gradle\caches\5.6.4\md-rule)" [_thread_blocked, id=18684, stack(0x00000000212b0000,0x00000000213b0000)]
  0x000000001ef53800 JavaThread "Cache worker for cache directory md-supplier (C:\Users\vinee\.gradle\caches\5.6.4\md-supplier)" [_thread_blocked, id=5020, stack(0x000000001fb40000,0x000000001fc40000)]
  0x00000000188ce000 JavaThread "Cache worker for file hash cache (C:\Users\vinee\AndroidStudioProjects\latest\.gradle\5.6.4\fileHashes)" [_thread_blocked, id=18476, stack(0x000000001f840000,0x000000001f940000)]
  0x00000000188ca800 JavaThread "Cache worker for journal cache (C:\Users\vinee\.gradle\caches\journal-1)" [_thread_blocked, id=16600, stack(0x000000001d5a0000,0x000000001d6a0000)]
  0x00000000188c9800 JavaThread "File lock request listener" [_thread_in_native, id=18212, stack(0x000000001d4a0000,0x000000001d5a0000)]
  0x00000000197a3000 JavaThread "Cache worker for file hash cache (C:\Users\vinee\.gradle\caches\5.6.4\fileHashes)" [_thread_blocked, id=12756, stack(0x000000001d1a0000,0x000000001d2a0000)]
  0x000000001b3e8000 JavaThread "Thread-9" [_thread_blocked, id=19416, stack(0x000000001d0a0000,0x000000001d1a0000)]
  0x000000001b3e2800 JavaThread "Stdin handler" [_thread_blocked, id=7224, stack(0x000000001cfa0000,0x000000001d0a0000)]
  0x000000001b41a800 JavaThread "Asynchronous log dispatcher for DefaultDaemonConnection: socket connection from /127.0.0.1:63082 to /127.0.0.1:63083" [_thread_blocked, id=9752, stack(0x000000001cea0000,0x000000001cfa0000)]
  0x000000001b3e1000 JavaThread "Daemon worker" [_thread_blocked, id=1136, stack(0x000000001cda0000,0x000000001cea0000)]
  0x000000001b3bd800 JavaThread "Cancel handler" [_thread_blocked, id=17088, stack(0x000000001cca0000,0x000000001cda0000)]
  0x000000001b3d3000 JavaThread "Handler for socket connection from /127.0.0.1:63082 to /127.0.0.1:63083" [_thread_in_native, id=13664, stack(0x000000001c9a0000,0x000000001caa0000)]
  0x000000001b3cf800 JavaThread "Daemon" [_thread_blocked, id=4332, stack(0x000000001c8a0000,0x000000001c9a0000)]
  0x000000001b33a000 JavaThread "Daemon periodic checks" [_thread_blocked, id=10424, stack(0x000000001c7a0000,0x000000001c8a0000)]
  0x000000001b32d800 JavaThread "Incoming local TCP Connector on port 63082" [_thread_in_native, id=3024, stack(0x000000001c560000,0x000000001c660000)]
  0x000000001b2a9000 JavaThread "Daemon health stats" [_thread_blocked, id=16572, stack(0x000000001bf20000,0x000000001c020000)]
  0x0000000018957800 JavaThread "Service Thread" daemon [_thread_blocked, id=2548, stack(0x0000000019580000,0x0000000019680000)]
  0x00000000188cf000 JavaThread "C1 CompilerThread3" daemon [_thread_in_vm, id=13276, stack(0x0000000019480000,0x0000000019580000)]
  0x00000000188cc800 JavaThread "C2 CompilerThread2" daemon [_thread_in_native, id=19368, stack(0x0000000019380000,0x0000000019480000)]
=>0x00000000188ba800 JavaThread "C2 CompilerThread1" daemon [_thread_in_native, id=13112, stack(0x0000000019280000,0x0000000019380000)]
  0x00000000188b5000 JavaThread "C2 CompilerThread0" daemon [_thread_in_native, id=17372, stack(0x0000000019180000,0x0000000019280000)]
  0x00000000188b0000 JavaThread "Attach Listener" daemon [_thread_blocked, id=8492, stack(0x0000000019080000,0x0000000019180000)]
  0x00000000188af000 JavaThread "Signal Dispatcher" daemon [_thread_blocked, id=18788, stack(0x0000000018f80000,0x0000000019080000)]
  0x00000000188a1000 JavaThread "Finalizer" daemon [_thread_blocked, id=9100, stack(0x0000000018d80000,0x0000000018e80000)]
  0x00000000188a0800 JavaThread "Reference Handler" daemon [_thread_blocked, id=1176, stack(0x0000000018c80000,0x0000000018d80000)]
  0x00000000012ed800 JavaThread "main" [_thread_blocked, id=7852, stack(0x0000000002ae0000,0x0000000002be0000)]

Other Threads:
  0x0000000016a98000 VMThread [stack: 0x0000000018780000,0x0000000018880000] [id=2396]
  0x0000000018958800 WatcherThread [stack: 0x0000000019680000,0x0000000019780000] [id=2156]

VM state:not at safepoint (normal execution)

VM Mutex/Monitor currently owned by a thread:  ([mutex/lock_event])
[0x0000000002be1450] CompiledIC_lock - owner thread: 0x0000000000000000

heap address: 0x00000000a0000000, size: 1536 MB, Compressed Oops mode: 32-bit
Narrow klass base: 0x0000000000000000, Narrow klass shift: 3
Compressed class space size: 1073741824 Address: 0x0000000100000000

Heap:
 PSYoungGen      total 175104K, used 137125K [0x00000000e0000000, 0x00000000eca00000, 0x0000000100000000)
  eden space 157184K, 75% used [0x00000000e0000000,0x00000000e7470170,0x00000000e9980000)
  from space 17920K, 99% used [0x00000000eb000000,0x00000000ec179368,0x00000000ec180000)
  to   space 23040K, 0% used [0x00000000e9980000,0x00000000e9980000,0x00000000eb000000)
 ParOldGen       total 155648K, used 42697K [0x00000000a0000000, 0x00000000a9800000, 0x00000000e0000000)
  object space 155648K, 27% used [0x00000000a0000000,0x00000000a29b2598,0x00000000a9800000)
 Metaspace       used 68267K, capacity 71095K, committed 71296K, reserved 1110016K
  class space    used 9203K, capacity 9794K, committed 9856K, reserved 1048576K

Card table byte_map: [0x00000000120a0000,0x00000000123b0000] byte_map_base: 0x0000000011ba0000

Marking Bits: (ParMarkBitMap*) 0x000000006a63f030
 Begin Bits: [0x0000000012db0000, 0x00000000145b0000)
 End Bits:   [0x00000000145b0000, 0x0000000015db0000)

Polling page: 0x0000000000d40000

CodeCache: size=245760Kb used=27759Kb max_used=28032Kb free=218000Kb
 bounds [0x0000000002ce0000, 0x0000000004880000, 0x0000000011ce0000]
 total_blobs=9317 nmethods=8469 adapters=761
 compilation: enabled

Compilation events (10 events):
Event: 24.400 Thread 0x00000000188cf000 9677   !   3       com.google.common.collect.Synchronized$SynchronizedMultimap::remove (28 bytes)
Event: 24.401 Thread 0x00000000188cf000 nmethod 9677 0x0000000003785e50 code [0x0000000003785fe0, 0x0000000003786458]
Event: 24.401 Thread 0x00000000188cf000 9678       3       com.google.common.collect.ArrayListMultimap::remove (7 bytes)
Event: 24.402 Thread 0x00000000188cf000 nmethod 9678 0x0000000003f868d0 code [0x0000000003f86aa0, 0x0000000003f873d8]
Event: 24.402 Thread 0x00000000188cf000 9681       3       org.gradle.internal.resources.DefaultResourceLockCoordinationService$DefaultResourceLockState::registerUnlocked (53 bytes)
Event: 24.403 Thread 0x00000000188cf000 nmethod 9681 0x000000000371ae90 code [0x000000000371b060, 0x000000000371b838]
Event: 24.403 Thread 0x00000000188cf000 9679       3       com.google.common.collect.ArrayListMultimap::asMap (5 bytes)
Event: 24.404 Thread 0x00000000188cf000 nmethod 9679 0x0000000003c6aa50 code [0x0000000003c6abe0, 0x0000000003c6b150]
Event: 24.404 Thread 0x00000000188cf000 9680       3       com.google.common.collect.AbstractListMultimap::asMap (5 bytes)
Event: 24.404 Thread 0x00000000188cf000 nmethod 9680 0x0000000003f3fdd0 code [0x0000000003f3ff60, 0x0000000003f40470]

GC Heap History (10 events):
Event: 12.855 GC heap before
{Heap before GC invocations=13 (full 2):
 PSYoungGen      total 134656K, used 134638K [0x00000000e0000000, 0x00000000e9e80000, 0x0000000100000000)
  eden space 121856K, 100% used [0x00000000e0000000,0x00000000e7700000,0x00000000e7700000)
  from space 12800K, 99% used [0x00000000e9200000,0x00000000e9e7b890,0x00000000e9e80000)
  to   space 14336K, 0% used [0x00000000e8280000,0x00000000e8280000,0x00000000e9080000)
 ParOldGen       total 100864K, used 18971K [0x00000000a0000000, 0x00000000a6280000, 0x00000000e0000000)
  object space 100864K, 18% used [0x00000000a0000000,0x00000000a1286f70,0x00000000a6280000)
 Metaspace       used 52470K, capacity 53981K, committed 54272K, reserved 1095680K
  class space    used 7171K, capacity 7553K, committed 7680K, reserved 1048576K
Event: 12.883 GC heap after
Heap after GC invocations=13 (full 2):
 PSYoungGen      total 147968K, used 13631K [0x00000000e0000000, 0x00000000ead80000, 0x0000000100000000)
  eden space 133632K, 0% used [0x00000000e0000000,0x00000000e0000000,0x00000000e8280000)
  from space 14336K, 95% used [0x00000000e8280000,0x00000000e8fcfc80,0x00000000e9080000)
  to   space 15872K, 0% used [0x00000000e9e00000,0x00000000e9e00000,0x00000000ead80000)
 ParOldGen       total 100864K, used 24879K [0x00000000a0000000, 0x00000000a6280000, 0x00000000e0000000)
  object space 100864K, 24% used [0x00000000a0000000,0x00000000a184bf98,0x00000000a6280000)
 Metaspace       used 52470K, capacity 53981K, committed 54272K, reserved 1095680K
  class space    used 7171K, capacity 7553K, committed 7680K, reserved 1048576K
}
Event: 14.495 GC heap before
{Heap before GC invocations=14 (full 2):
 PSYoungGen      total 147968K, used 83594K [0x00000000e0000000, 0x00000000ead80000, 0x0000000100000000)
  eden space 133632K, 52% used [0x00000000e0000000,0x00000000e4452bb8,0x00000000e8280000)
  from space 14336K, 95% used [0x00000000e8280000,0x00000000e8fcfc80,0x00000000e9080000)
  to   space 15872K, 0% used [0x00000000e9e00000,0x00000000e9e00000,0x00000000ead80000)
 ParOldGen       total 100864K, used 24879K [0x00000000a0000000, 0x00000000a6280000, 0x00000000e0000000)
  object space 100864K, 24% used [0x00000000a0000000,0x00000000a184bf98,0x00000000a6280000)
 Metaspace       used 57534K, capacity 59139K, committed 59160K, reserved 1099776K
  class space    used 7877K, capacity 8302K, committed 8320K, reserved 1048576K
Event: 14.514 GC heap after
Heap after GC invocations=14 (full 2):
 PSYoungGen      total 160768K, used 13289K [0x00000000e0000000, 0x00000000ebd00000, 0x0000000100000000)
  eden space 144896K, 0% used [0x00000000e0000000,0x00000000e0000000,0x00000000e8d80000)
  from space 15872K, 83% used [0x00000000e9e00000,0x00000000eaafa440,0x00000000ead80000)
  to   space 16896K, 0% used [0x00000000e8d80000,0x00000000e8d80000,0x00000000e9e00000)
 ParOldGen       total 100864K, used 24951K [0x00000000a0000000, 0x00000000a6280000, 0x00000000e0000000)
  object space 100864K, 24% used [0x00000000a0000000,0x00000000a185dfa8,0x00000000a6280000)
 Metaspace       used 57534K, capacity 59139K, committed 59160K, reserved 1099776K
  class space    used 7877K, capacity 8302K, committed 8320K, reserved 1048576K
}
Event: 14.514 GC heap before
{Heap before GC invocations=15 (full 3):
 PSYoungGen      total 160768K, used 13289K [0x00000000e0000000, 0x00000000ebd00000, 0x0000000100000000)
  eden space 144896K, 0% used [0x00000000e0000000,0x00000000e0000000,0x00000000e8d80000)
  from space 15872K, 83% used [0x00000000e9e00000,0x00000000eaafa440,0x00000000ead80000)
  to   space 16896K, 0% used [0x00000000e8d80000,0x00000000e8d80000,0x00000000e9e00000)
 ParOldGen       total 100864K, used 24951K [0x00000000a0000000, 0x00000000a6280000, 0x00000000e0000000)
  object space 100864K, 24% used [0x00000000a0000000,0x00000000a185dfa8,0x00000000a6280000)
 Metaspace       used 57534K, capacity 59139K, committed 59160K, reserved 1099776K
  class space    used 7877K, capacity 8302K, committed 8320K, reserved 1048576K
Event: 14.997 GC heap after
Heap after GC invocations=15 (full 3):
 PSYoungGen      total 160768K, used 0K [0x00000000e0000000, 0x00000000ebd00000, 0x0000000100000000)
  eden space 144896K, 0% used [0x00000000e0000000,0x00000000e0000000,0x00000000e8d80000)
  from space 15872K, 0% used [0x00000000e9e00000,0x00000000e9e00000,0x00000000ead80000)
  to   space 16896K, 0% used [0x00000000e8d80000,0x00000000e8d80000,0x00000000e9e00000)
 ParOldGen       total 155648K, used 34203K [0x00000000a0000000, 0x00000000a9800000, 0x00000000e0000000)
  object space 155648K, 21% used [0x00000000a0000000,0x00000000a2166d68,0x00000000a9800000)
 Metaspace       used 57534K, capacity 59139K, committed 59160K, reserved 1099776K
  class space    used 7877K, capacity 8302K, committed 8320K, reserved 1048576K
}
Event: 17.787 GC heap before
{Heap before GC invocations=16 (full 3):
 PSYoungGen      total 160768K, used 144896K [0x00000000e0000000, 0x00000000ebd00000, 0x0000000100000000)
  eden space 144896K, 100% used [0x00000000e0000000,0x00000000e8d80000,0x00000000e8d80000)
  from space 15872K, 0% used [0x00000000e9e00000,0x00000000e9e00000,0x00000000ead80000)
  to   space 16896K, 0% used [0x00000000e8d80000,0x00000000e8d80000,0x00000000e9e00000)
 ParOldGen       total 155648K, used 34203K [0x00000000a0000000, 0x00000000a9800000, 0x00000000e0000000)
  object space 155648K, 21% used [0x00000000a0000000,0x00000000a2166d68,0x00000000a9800000)
 Metaspace       used 62301K, capacity 64833K, committed 65024K, reserved 1105920K
  class space    used 8562K, capacity 9091K, committed 9216K, reserved 1048576K
Event: 17.807 GC heap after
Heap after GC invocations=16 (full 3):
 PSYoungGen      total 161792K, used 13164K [0x00000000e0000000, 0x00000000ec180000, 0x0000000100000000)
  eden space 144896K, 0% used [0x00000000e0000000,0x00000000e0000000,0x00000000e8d80000)
  from space 16896K, 77% used [0x00000000e8d80000,0x00000000e9a5b1f8,0x00000000e9e00000)
  to   space 17920K, 0% used [0x00000000eb000000,0x00000000eb000000,0x00000000ec180000)
 ParOldGen       total 155648K, used 34211K [0x00000000a0000000, 0x00000000a9800000, 0x00000000e0000000)
  object space 155648K, 21% used [0x00000000a0000000,0x00000000a2168d68,0x00000000a9800000)
 Metaspace       used 62301K, capacity 64833K, committed 65024K, reserved 1105920K
  class space    used 8562K, capacity 9091K, committed 9216K, reserved 1048576K
}
Event: 22.109 GC heap before
{Heap before GC invocations=17 (full 3):
 PSYoungGen      total 161792K, used 158060K [0x00000000e0000000, 0x00000000ec180000, 0x0000000100000000)
  eden space 144896K, 100% used [0x00000000e0000000,0x00000000e8d80000,0x00000000e8d80000)
  from space 16896K, 77% used [0x00000000e8d80000,0x00000000e9a5b1f8,0x00000000e9e00000)
  to   space 17920K, 0% used [0x00000000eb000000,0x00000000eb000000,0x00000000ec180000)
 ParOldGen       total 155648K, used 34211K [0x00000000a0000000, 0x00000000a9800000, 0x00000000e0000000)
  object space 155648K, 21% used [0x00000000a0000000,0x00000000a2168d68,0x00000000a9800000)
 Metaspace       used 67379K, capacity 70125K, committed 70400K, reserved 1110016K
  class space    used 9128K, capacity 9707K, committed 9728K, reserved 1048576K
Event: 22.137 GC heap after
Heap after GC invocations=17 (full 3):
 PSYoungGen      total 175104K, used 17892K [0x00000000e0000000, 0x00000000eca00000, 0x0000000100000000)
  eden space 157184K, 0% used [0x00000000e0000000,0x00000000e0000000,0x00000000e9980000)
  from space 17920K, 99% used [0x00000000eb000000,0x00000000ec179368,0x00000000ec180000)
  to   space 23040K, 0% used [0x00000000e9980000,0x00000000e9980000,0x00000000eb000000)
 ParOldGen       total 155648K, used 42697K [0x00000000a0000000, 0x00000000a9800000, 0x00000000e0000000)
  object space 155648K, 27% used [0x00000000a0000000,0x00000000a29b2598,0x00000000a9800000)
 Metaspace       used 67379K, capacity 70125K, committed 70400K, reserved 1110016K
  class space    used 9128K, capacity 9707K, committed 9728K, reserved 1048576K
}

Deoptimization events (10 events):
Event: 23.811 Thread 0x000000001af83000 Uncommon trap: reason=bimorphic action=maybe_recompile pc=0x0000000003ed4dc4 method=java.io.DataInputStream.readChar()C @ 4
Event: 23.813 Thread 0x000000001af83000 Uncommon trap: reason=bimorphic action=maybe_recompile pc=0x0000000003ed4dc4 method=java.io.DataInputStream.readChar()C @ 4
Event: 23.814 Thread 0x000000001af83000 Uncommon trap: reason=bimorphic action=maybe_recompile pc=0x0000000003ed4dc4 method=java.io.DataInputStream.readChar()C @ 4
Event: 23.814 Thread 0x000000001af83000 Uncommon trap: reason=bimorphic action=maybe_recompile pc=0x0000000003ed4dc4 method=java.io.DataInputStream.readChar()C @ 4
Event: 23.997 Thread 0x000000001af86000 Uncommon trap: reason=unstable_if action=reinterpret pc=0x00000000032a15d4 method=java.util.HashMap$HashIterator.<init>(Ljava/util/HashMap;)V @ 45
Event: 23.997 Thread 0x000000001af86000 Uncommon trap: reason=unstable_if action=reinterpret pc=0x00000000045790cc method=java.util.HashMap$HashIterator.<init>(Ljava/util/HashMap;)V @ 45
Event: 24.379 Thread 0x000000001ded0800 Uncommon trap: reason=class_check action=maybe_recompile pc=0x00000000038b4fc0 method=java.lang.Throwable.<init>(Ljava/lang/String;Ljava/lang/Throwable;)V @ 24
Event: 24.380 Thread 0x000000001ded0800 Uncommon trap: reason=class_check action=maybe_recompile pc=0x00000000038b4fc0 method=java.lang.Throwable.<init>(Ljava/lang/String;Ljava/lang/Throwable;)V @ 24
Event: 24.391 Thread 0x000000001dec8800 Uncommon trap: reason=class_check action=maybe_recompile pc=0x00000000038b4fc0 method=java.lang.Throwable.<init>(Ljava/lang/String;Ljava/lang/Throwable;)V @ 24
Event: 24.391 Thread 0x000000001dec8800 Uncommon trap: reason=class_check action=maybe_recompile pc=0x00000000038b4fc0 method=java.lang.Throwable.<init>(Ljava/lang/String;Ljava/lang/Throwable;)V @ 24

Classes redefined (0 events):
No events

Internal exceptions (10 events):
Event: 20.606 Thread 0x000000001ef5c800 Exception <a 'sun/nio/fs/WindowsException'> (0x00000000e45da588) thrown at [C:\src\AOSP-openjdk-git\hotspot\src\share\vm\prims\jni.cpp, line 710]
Event: 20.655 Thread 0x000000001ef5c800 Exception <a 'sun/nio/fs/WindowsException'> (0x00000000e45e0570) thrown at [C:\src\AOSP-openjdk-git\hotspot\src\share\vm\prims\jni.cpp, line 710]
Event: 20.658 Thread 0x000000001ef5c800 Exception <a 'sun/nio/fs/WindowsException'> (0x00000000e45e2210) thrown at [C:\src\AOSP-openjdk-git\hotspot\src\share\vm\prims\jni.cpp, line 710]
Event: 22.573 Thread 0x0000000020a23800 Implicit null exception at 0x00000000046a4f61 to 0x00000000046a374d
Event: 23.757 Thread 0x0000000020a23800 Exception <a 'java/lang/NoSuchMethodError': <clinit>> (0x00000000e4a08ce0) thrown at [C:\src\AOSP-openjdk-git\hotspot\src\share\vm\prims\jni.cpp, line 1615]
Event: 23.760 Thread 0x0000000020a23800 Exception <a 'java/lang/NoSuchMethodError': <clinit>> (0x00000000e4a24000) thrown at [C:\src\AOSP-openjdk-git\hotspot\src\share\vm\prims\jni.cpp, line 1615]
Event: 23.760 Thread 0x0000000020a23800 Exception <a 'java/lang/NoSuchMethodError': <clinit>> (0x00000000e4a28ee8) thrown at [C:\src\AOSP-openjdk-git\hotspot\src\share\vm\prims\jni.cpp, line 1615]
Event: 23.762 Thread 0x0000000020a23800 Exception <a 'java/lang/NoSuchMethodError': <clinit>> (0x00000000e4a38d88) thrown at [C:\src\AOSP-openjdk-git\hotspot\src\share\vm\prims\jni.cpp, line 1615]
Event: 24.380 Thread 0x000000001ded0800 Exception <a 'java/io/IOException'> (0x00000000e6ea5938) thrown at [C:\src\AOSP-openjdk-git\hotspot\src\share\vm\prims\jni.cpp, line 710]
Event: 24.391 Thread 0x000000001dec8800 Exception <a 'java/io/IOException'> (0x00000000e6bd0678) thrown at [C:\src\AOSP-openjdk-git\hotspot\src\share\vm\prims\jni.cpp, line 710]

Events (10 events):
Event: 24.391 Thread 0x000000001ded3800 Thread exited: 0x000000001ded3800
Event: 24.391 Thread 0x000000001dec8800 Uncommon trap: trap_request=0xffffffde fr.pc=0x00000000038b4fc0
Event: 24.391 Thread 0x000000001dec8800 DEOPT PACKING pc=0x00000000038b4fc0 sp=0x000000002762da40
Event: 24.391 Thread 0x000000001dec8800 DEOPT UNPACKING pc=0x0000000002d2557b sp=0x000000002762da10 mode 2
Event: 24.391 Thread 0x000000001dec8800 Uncommon trap: trap_request=0xffffffde fr.pc=0x00000000038b4fc0
Event: 24.391 Thread 0x000000001dec8800 DEOPT PACKING pc=0x00000000038b4fc0 sp=0x000000002762da70
Event: 24.391 Thread 0x000000001dec8800 DEOPT UNPACKING pc=0x0000000002d2557b sp=0x000000002762da40 mode 2
Event: 24.391 Executing VM operation: RevokeBias
Event: 24.392 Executing VM operation: RevokeBias done
Event: 24.393 Thread 0x000000001ded6000 Thread exited: 0x000000001ded6000


Dynamic libraries:
0x00007ff6b5420000 - 0x00007ff6b5451000 	C:\Program Files\Android\Android Studio1\jre\bin\java.exe
0x00007ffd31660000 - 0x00007ffd31850000 	C:\WINDOWS\SYSTEM32\ntdll.dll
0x00007ffd2fa80000 - 0x00007ffd2fb32000 	C:\WINDOWS\System32\KERNEL32.DLL
0x00007ffd2e730000 - 0x00007ffd2e9d4000 	C:\WINDOWS\System32\KERNELBASE.dll
0x00007ffd2f710000 - 0x00007ffd2f7b3000 	C:\WINDOWS\System32\ADVAPI32.dll
0x00007ffd30840000 - 0x00007ffd308de000 	C:\WINDOWS\System32\msvcrt.dll
0x00007ffd307a0000 - 0x00007ffd30837000 	C:\WINDOWS\System32\sechost.dll
0x00007ffd2f960000 - 0x00007ffd2fa80000 	C:\WINDOWS\System32\RPCRT4.dll
0x00007ffd2fd20000 - 0x00007ffd2feb4000 	C:\WINDOWS\System32\USER32.dll
0x00007ffd2e700000 - 0x00007ffd2e721000 	C:\WINDOWS\System32\win32u.dll
0x00007ffd30cf0000 - 0x00007ffd30d16000 	C:\WINDOWS\System32\GDI32.dll
0x00007ffd2f420000 - 0x00007ffd2f5b4000 	C:\WINDOWS\System32\gdi32full.dll
0x00007ffd2eb00000 - 0x00007ffd2eb9e000 	C:\WINDOWS\System32\msvcp_win.dll
0x00007ffd2e9e0000 - 0x00007ffd2eada000 	C:\WINDOWS\System32\ucrtbase.dll
0x00007ffd14db0000 - 0x00007ffd15034000 	C:\WINDOWS\WinSxS\amd64_microsoft.windows.common-controls_6595b64144ccf1df_6.0.18362.836_none_e6c4b943130f18ed\COMCTL32.dll
0x00007ffd308e0000 - 0x00007ffd30c16000 	C:\WINDOWS\System32\combase.dll
0x00007ffd2e650000 - 0x00007ffd2e6d0000 	C:\WINDOWS\System32\bcryptPrimitives.dll
0x00007ffd31540000 - 0x00007ffd3156e000 	C:\WINDOWS\System32\IMM32.DLL
0x0000000069cb0000 - 0x0000000069d82000 	C:\Program Files\Android\Android Studio1\jre\jre\bin\msvcr100.dll
0x0000000069e70000 - 0x000000006a6bb000 	C:\Program Files\Android\Android Studio1\jre\jre\bin\server\jvm.dll
0x00007ffd2fec0000 - 0x00007ffd2fec8000 	C:\WINDOWS\System32\PSAPI.DLL
0x00007ffd2c4c0000 - 0x00007ffd2c4c9000 	C:\WINDOWS\SYSTEM32\WSOCK32.dll
0x00007ffd2c3b0000 - 0x00007ffd2c3d4000 	C:\WINDOWS\SYSTEM32\WINMM.dll
0x00007ffd28a90000 - 0x00007ffd28a9a000 	C:\WINDOWS\SYSTEM32\VERSION.dll
0x00007ffd30ed0000 - 0x00007ffd30f3f000 	C:\WINDOWS\System32\WS2_32.dll
0x00007ffd2c330000 - 0x00007ffd2c35d000 	C:\WINDOWS\SYSTEM32\WINMMBASE.dll
0x00007ffd2f320000 - 0x00007ffd2f36a000 	C:\WINDOWS\System32\cfgmgr32.dll
0x00007ffd2ab60000 - 0x00007ffd2ab6f000 	C:\Program Files\Android\Android Studio1\jre\jre\bin\verify.dll
0x00007ffd293c0000 - 0x00007ffd293e9000 	C:\Program Files\Android\Android Studio1\jre\jre\bin\java.dll
0x00007ffd29af0000 - 0x00007ffd29b06000 	C:\Program Files\Android\Android Studio1\jre\jre\bin\zip.dll
0x00007ffd2ff50000 - 0x00007ffd30634000 	C:\WINDOWS\System32\SHELL32.dll
0x00007ffd31570000 - 0x00007ffd31619000 	C:\WINDOWS\System32\shcore.dll
0x00007ffd2eba0000 - 0x00007ffd2f31e000 	C:\WINDOWS\System32\windows.storage.dll
0x00007ffd2e5c0000 - 0x00007ffd2e5e3000 	C:\WINDOWS\System32\profapi.dll
0x00007ffd2e530000 - 0x00007ffd2e57a000 	C:\WINDOWS\System32\powrprof.dll
0x00007ffd2e520000 - 0x00007ffd2e530000 	C:\WINDOWS\System32\UMPDC.dll
0x00007ffd314e0000 - 0x00007ffd31532000 	C:\WINDOWS\System32\shlwapi.dll
0x00007ffd2e580000 - 0x00007ffd2e591000 	C:\WINDOWS\System32\kernel.appcore.dll
0x00007ffd2eae0000 - 0x00007ffd2eaf7000 	C:\WINDOWS\System32\cryptsp.dll
0x00007ffd29560000 - 0x00007ffd2957a000 	C:\Program Files\Android\Android Studio1\jre\jre\bin\net.dll
0x00007ffd2dd30000 - 0x00007ffd2dd97000 	C:\WINDOWS\system32\mswsock.dll
0x00007ffd28550000 - 0x00007ffd28563000 	C:\Program Files\Android\Android Studio1\jre\jre\bin\nio.dll
0x00007ffd14bf0000 - 0x00007ffd14c16000 	C:\Users\vinee\.gradle\native\30\windows-amd64\native-platform.dll
0x00007ffd29630000 - 0x00007ffd2963d000 	C:\Program Files\Android\Android Studio1\jre\jre\bin\management.dll
0x00007ffd2d8a0000 - 0x00007ffd2d8d3000 	C:\WINDOWS\system32\rsaenh.dll
0x00007ffd2e6d0000 - 0x00007ffd2e6f6000 	C:\WINDOWS\System32\bcrypt.dll
0x00007ffd2e410000 - 0x00007ffd2e435000 	C:\WINDOWS\SYSTEM32\USERENV.dll
0x00007ffd2df00000 - 0x00007ffd2df0c000 	C:\WINDOWS\SYSTEM32\CRYPTBASE.dll
0x00007ffd2da40000 - 0x00007ffd2da7a000 	C:\WINDOWS\SYSTEM32\IPHLPAPI.DLL
0x00007ffd2ff40000 - 0x00007ffd2ff48000 	C:\WINDOWS\System32\NSI.dll
0x00007ffd25f60000 - 0x00007ffd25f76000 	C:\WINDOWS\SYSTEM32\dhcpcsvc6.DLL
0x00007ffd26e10000 - 0x00007ffd26e2c000 	C:\WINDOWS\SYSTEM32\dhcpcsvc.DLL
0x00007ffd2da80000 - 0x00007ffd2db4b000 	C:\WINDOWS\SYSTEM32\DNSAPI.dll
0x00007ffd276b0000 - 0x00007ffd276d4000 	C:\Program Files\Android\Android Studio1\jre\jre\bin\sunec.dll
0x00007ffd19ba0000 - 0x00007ffd19baa000 	C:\Windows\System32\rasadhlp.dll
0x00007ffd26000000 - 0x00007ffd26077000 	C:\WINDOWS\System32\fwpuclnt.dll
0x00007ffd2ce80000 - 0x00007ffd2ce8b000 	C:\Program Files\Android\Android Studio1\jre\jre\bin\sunmscapi.dll
0x00007ffd2f5c0000 - 0x00007ffd2f709000 	C:\WINDOWS\System32\CRYPT32.dll
0x00007ffd2e5a0000 - 0x00007ffd2e5b2000 	C:\WINDOWS\System32\MSASN1.dll
0x00007ffd2c2a0000 - 0x00007ffd2c32f000 	C:\WINDOWS\system32\apphelp.dll

VM Arguments:
jvm_args: -Xmx1536m -Dfile.encoding=windows-1252 -Duser.country=CA -Duser.language=en -Duser.variant 
java_command: org.gradle.launcher.daemon.bootstrap.GradleDaemon 5.6.4
java_class_path (initial): C:\Users\vinee\.gradle\wrapper\dists\gradle-5.6.4-all\ankdp27end7byghfw1q2sw75f\gradle-5.6.4\lib\gradle-launcher-5.6.4.jar
Launcher Type: SUN_STANDARD

Environment Variables:
PATH=C:\WINDOWS\system32;C:\WINDOWS;C:\WINDOWS\System32\Wbem;C:\WINDOWS\System32\WindowsPowerShell\v1.0\;C:\WINDOWS\System32\OpenSSH\;C:\Program Files\Git\cmd;C:\Program Files\nodejs\;C:\Program Files\Amazon\AWSCLI\bin\;C:\Program Files\MySQL\MySQL Shell 8.0\bin\;C:\Users\vinee\AppData\Local\Microsoft\WindowsApps;C:\Users\vinee\AppData\Roaming\npm
USERNAME=vinee
OS=Windows_NT
PROCESSOR_IDENTIFIER=Intel64 Family 6 Model 142 Stepping 12, GenuineIntel



---------------  S Y S T E M  ---------------

OS: Windows 10.0 , 64 bit Build 18362 (10.0.18362.778)

CPU:total 8 (initial active 8) (4 cores per cpu, 2 threads per core) family 6 model 142 stepping 12, cmov, cx8, fxsr, mmx, sse, sse2, sse3, ssse3, sse4.1, sse4.2, popcnt, avx, avx2, aes, clmul, erms, 3dnowpref, lzcnt, ht, tsc, tscinvbit, bmi1, bmi2, adx

Memory: 4k page, physical 8272180k(2447232k free), swap 33438004k(388k free)

vm_info: OpenJDK 64-Bit Server VM (25.242-b01) for windows-amd64 JRE (1.8.0_242-release-1644-b01), built by "builder" with MS VC++ 10.0 (VS2010)

time: Sun Jun 14 10:38:25 2020
timezone: Eastern Daylight Time
elapsed time: 24 seconds (0d 0h 0m 24s)

