#
# There is insufficient memory for the Java Runtime Environment to continue.
# Native memory allocation (malloc) failed to allocate 774976 bytes for Chunk::new
# Possible reasons:
#   The system is out of physical RAM or swap space
#   The process is running with CompressedOops enabled, and the Java Heap may be blocking the growth of the native heap
# Possible solutions:
#   Reduce memory load on the system
#   Increase physical memory or swap space
#   Check if swap backing store is full
#   Decrease Java heap size (-Xmx/-Xms)
#   Decrease number of Java threads
#   Decrease Java thread stack sizes (-Xss)
#   Set larger code cache with -XX:ReservedCodeCacheSize=
#   JVM is running with Unscaled Compressed Oops mode in which the Java heap is
#     placed in the first 4GB address space. The Java Heap base address is the
#     maximum limit for the native heap growth. Please use -XX:HeapBaseMinAddress
#     to set the Java Heap base and to place the Java Heap above 4GB virtual address.
# This output file may be truncated or incomplete.
#
#  Out of Memory Error (allocation.cpp:389), pid=12232, tid=0x000000000000473c
#
# JRE version: OpenJDK Runtime Environment (8.0_242-b01) (build 1.8.0_242-release-1644-b01)
# Java VM: OpenJDK 64-Bit Server VM (25.242-b01 mixed mode windows-amd64 compressed oops)
# Failed to write core dump. Minidumps are not enabled by default on client versions of Windows
#

---------------  T H R E A D  ---------------

Current thread (0x0000000018b3c000):  JavaThread "C2 CompilerThread1" daemon [_thread_in_native, id=18236, stack(0x0000000019500000,0x0000000019600000)]

Stack: [0x0000000019500000,0x0000000019600000]
[error occurred during error reporting (printing stack bounds), id 0xc0000005]

Native frames: (J=compiled Java code, j=interpreted, Vv=VM code, C=native code)


Current CompileTask:
C2:   9438 4554   !   4       com.sun.beans.TypeResolver::resolve (274 bytes)


---------------  P R O C E S S  ---------------

Java Threads: ( => current thread )
  0x000000001e08c800 JavaThread "Cache worker for Build Output Cleanup Cache (C:\Users\vinee\AndroidStudioProjects\latest\.gradle\buildOutputCleanup)" [_thread_blocked, id=9488, stack(0x0000000022190000,0x0000000022290000)]
  0x000000001e08e000 JavaThread "Build operations Thread 8" [_thread_blocked, id=4680, stack(0x0000000023cb0000,0x0000000023db0000)]
  0x000000001e089800 JavaThread "Build operations Thread 7" [_thread_blocked, id=17832, stack(0x0000000023bb0000,0x0000000023cb0000)]
  0x000000001e08a000 JavaThread "Build operations Thread 6" [_thread_blocked, id=8908, stack(0x0000000023ab0000,0x0000000023bb0000)]
  0x000000001e081800 JavaThread "Build operations Thread 5" [_thread_blocked, id=17344, stack(0x00000000239b0000,0x0000000023ab0000)]
  0x000000001e083000 JavaThread "Build operations Thread 4" [_thread_blocked, id=16892, stack(0x00000000238b0000,0x00000000239b0000)]
  0x000000001e07f800 JavaThread "Build operations Thread 3" [_thread_blocked, id=1604, stack(0x00000000237b0000,0x00000000238b0000)]
  0x000000001e086000 JavaThread "Build operations Thread 2" [_thread_blocked, id=17076, stack(0x00000000236b0000,0x00000000237b0000)]
  0x000000001e081000 JavaThread "Build operations" [_thread_blocked, id=11504, stack(0x00000000235b0000,0x00000000236b0000)]
  0x0000000018b37000 JavaThread "Cache worker for execution history cache (C:\Users\vinee\.gradle\caches\6.1.1\executionHistory)" [_thread_blocked, id=17404, stack(0x0000000021220000,0x0000000021320000)]
  0x0000000018b3e000 JavaThread "Cache worker for cache directory md-rule (C:\Users\vinee\.gradle\caches\6.1.1\md-rule)" [_thread_blocked, id=17748, stack(0x0000000021120000,0x0000000021220000)]
  0x0000000018b38800 JavaThread "Cache worker for cache directory md-supplier (C:\Users\vinee\.gradle\caches\6.1.1\md-supplier)" [_thread_blocked, id=14424, stack(0x0000000021020000,0x0000000021120000)]
  0x0000000018b3d800 JavaThread "Cache worker for file hash cache (C:\Users\vinee\AndroidStudioProjects\latest\.gradle\6.1.1\fileHashes)" [_thread_blocked, id=10844, stack(0x000000001fd90000,0x000000001fe90000)]
  0x0000000018b3b000 JavaThread "Cache worker for checksums cache (C:\Users\vinee\AndroidStudioProjects\latest\.gradle\checksums)" [_thread_blocked, id=19448, stack(0x0000000020f20000,0x0000000021020000)]
  0x0000000018b39800 JavaThread "Cache worker for file hash cache (C:\Users\vinee\.gradle\caches\6.1.1\fileHashes)" [_thread_blocked, id=17888, stack(0x000000001d850000,0x000000001d950000)]
  0x0000000018b3c800 JavaThread "File lock request listener" [_thread_in_native, id=14140, stack(0x000000001d750000,0x000000001d850000)]
  0x0000000019cdc800 JavaThread "Cache worker for journal cache (C:\Users\vinee\.gradle\caches\journal-1)" [_thread_blocked, id=17896, stack(0x000000001d650000,0x000000001d750000)]
  0x000000001b8c9000 JavaThread "Thread-9" [_thread_blocked, id=9052, stack(0x000000001d350000,0x000000001d450000)]
  0x000000001b8e6800 JavaThread "Stdin handler" [_thread_blocked, id=15628, stack(0x000000001d250000,0x000000001d350000)]
  0x000000001b8e2800 JavaThread "Asynchronous log dispatcher for DefaultDaemonConnection: socket connection from /127.0.0.1:63625 to /127.0.0.1:63626" [_thread_blocked, id=16908, stack(0x000000001d150000,0x000000001d250000)]
  0x000000001b8dc800 JavaThread "Daemon worker" [_thread_in_vm, id=3912, stack(0x000000001d050000,0x000000001d150000)]
  0x000000001b8dc000 JavaThread "Cancel handler" [_thread_blocked, id=17780, stack(0x000000001cf50000,0x000000001d050000)]
  0x000000001b8a2000 JavaThread "Handler for socket connection from /127.0.0.1:63625 to /127.0.0.1:63626" [_thread_in_native, id=17304, stack(0x000000001cc50000,0x000000001cd50000)]
  0x000000001b89a800 JavaThread "Daemon" [_thread_blocked, id=15204, stack(0x000000001cb50000,0x000000001cc50000)]
  0x000000001b7fd000 JavaThread "Daemon periodic checks" [_thread_blocked, id=4596, stack(0x000000001ca50000,0x000000001cb50000)]
  0x000000001b7fb800 JavaThread "Incoming local TCP Connector on port 63625" [_thread_in_native, id=12864, stack(0x000000001c810000,0x000000001c910000)]
  0x000000001ae1e800 JavaThread "Daemon health stats" [_thread_blocked, id=17512, stack(0x000000001b1d0000,0x000000001b2d0000)]
  0x0000000018bcb000 JavaThread "Service Thread" daemon [_thread_blocked, id=12056, stack(0x0000000019800000,0x0000000019900000)]
  0x0000000018b3a800 JavaThread "C1 CompilerThread3" daemon [_thread_blocked, id=9100, stack(0x0000000019700000,0x0000000019800000)]
  0x0000000018b38000 JavaThread "C2 CompilerThread2" daemon [_thread_in_native, id=14372, stack(0x0000000019600000,0x0000000019700000)]
=>0x0000000018b3c000 JavaThread "C2 CompilerThread1" daemon [_thread_in_native, id=18236, stack(0x0000000019500000,0x0000000019600000)]
  0x0000000018b34000 JavaThread "C2 CompilerThread0" daemon [_thread_in_native, id=17988, stack(0x0000000019400000,0x0000000019500000)]
  0x0000000018b33000 JavaThread "Attach Listener" daemon [_thread_blocked, id=7976, stack(0x0000000019300000,0x0000000019400000)]
  0x0000000018b35800 JavaThread "Signal Dispatcher" daemon [_thread_blocked, id=12428, stack(0x0000000019200000,0x0000000019300000)]
  0x0000000018b21800 JavaThread "Finalizer" daemon [_thread_blocked, id=15700, stack(0x0000000019000000,0x0000000019100000)]
  0x0000000018b20800 JavaThread "Reference Handler" daemon [_thread_blocked, id=8440, stack(0x0000000018f00000,0x0000000019000000)]
  0x0000000002f7d800 JavaThread "main" [_thread_blocked, id=18608, stack(0x0000000002d30000,0x0000000002e30000)]

Other Threads:
  0x0000000016d38000 VMThread [stack: 0x0000000018a00000,0x0000000018b00000] [id=292]
  0x0000000018b86800 WatcherThread [stack: 0x0000000019900000,0x0000000019a00000] [id=19948]

VM state:not at safepoint (normal execution)

VM Mutex/Monitor currently owned by a thread: None

heap address: 0x00000000a0000000, size: 1536 MB, Compressed Oops mode: 32-bit
Narrow klass base: 0x0000000000000000, Narrow klass shift: 3
Compressed class space size: 1073741824 Address: 0x0000000100000000

Heap:
 PSYoungGen      total 190464K, used 32879K [0x00000000e0000000, 0x00000000f0180000, 0x0000000100000000)
  eden space 176640K, 10% used [0x00000000e0000000,0x00000000e12a1200,0x00000000eac80000)
  from space 13824K, 99% used [0x00000000eac80000,0x00000000eb9fac50,0x00000000eba00000)
  to   space 18432K, 0% used [0x00000000eef80000,0x00000000eef80000,0x00000000f0180000)
 ParOldGen       total 89088K, used 20742K [0x00000000a0000000, 0x00000000a5700000, 0x00000000e0000000)
  object space 89088K, 23% used [0x00000000a0000000,0x00000000a1441a28,0x00000000a5700000)
 Metaspace       used 49608K, capacity 51208K, committed 51368K, reserved 1093632K
  class space    used 6632K, capacity 7047K, committed 7088K, reserved 1048576K

Card table byte_map: [0x0000000012340000,0x0000000012650000] byte_map_base: 0x0000000011e40000

Marking Bits: (ParMarkBitMap*) 0x000000006a63f030
 Begin Bits: [0x0000000013050000, 0x0000000014850000)
 End Bits:   [0x0000000014850000, 0x0000000016050000)

Polling page: 0x0000000000bf0000

CodeCache: size=245760Kb used=14474Kb max_used=14480Kb free=231285Kb
 bounds [0x0000000002f80000, 0x0000000003dc0000, 0x0000000011f80000]
 total_blobs=4925 nmethods=4161 adapters=677
 compilation: enabled

Compilation events (10 events):
Event: 9.409 Thread 0x0000000018b3a800 nmethod 4566 0x0000000003da1610 code [0x0000000003da17e0, 0x0000000003da1f68]
Event: 9.409 Thread 0x0000000018b3a800 4567   !   3       java.beans.PropertyDescriptor::updateGenericsFor (37 bytes)
Event: 9.410 Thread 0x0000000018b3a800 nmethod 4567 0x0000000003dac810 code [0x0000000003daca80, 0x0000000003dadbf8]
Event: 9.410 Thread 0x0000000018b38000 4568       4       java.util.HashMap::<init> (8 bytes)
Event: 9.411 Thread 0x0000000018b38000 nmethod 4568 0x0000000003da8b10 code [0x0000000003da8c40, 0x0000000003da8d38]
Event: 9.412 Thread 0x0000000018b3a800 4569       3       sun.reflect.generics.reflectiveObjects.TypeVariableImpl::equals (67 bytes)
Event: 9.413 Thread 0x0000000018b3a800 nmethod 4569 0x0000000003dab990 code [0x0000000003dabb80, 0x0000000003dac5b8]
Event: 9.417 Thread 0x0000000018b38000 4570       4       org.codehaus.groovy.runtime.metaclass.MetaMethodIndex::copyNonPrivateNonNewMetaMethods (171 bytes)
Event: 9.428 Thread 0x0000000018b3a800 4572       1       org.codehaus.groovy.runtime.callsite.AbstractCallSite::getArray (5 bytes)
Event: 9.428 Thread 0x0000000018b3a800 nmethod 4572 0x0000000003da1350 code [0x0000000003da14a0, 0x0000000003da15b0]

GC Heap History (10 events):
Event: 4.264 GC heap before
{Heap before GC invocations=7 (full 1):
 PSYoungGen      total 71680K, used 66247K [0x00000000e0000000, 0x00000000e9b00000, 0x0000000100000000)
  eden space 66560K, 99% used [0x00000000e0000000,0x00000000e40b1d38,0x00000000e4100000)
  from space 5120K, 0% used [0x00000000e4100000,0x00000000e4100000,0x00000000e4600000)
  to   space 12800K, 0% used [0x00000000e8e80000,0x00000000e8e80000,0x00000000e9b00000)
 ParOldGen       total 64512K, used 11435K [0x00000000a0000000, 0x00000000a3f00000, 0x00000000e0000000)
  object space 64512K, 17% used [0x00000000a0000000,0x00000000a0b2ac38,0x00000000a3f00000)
 Metaspace       used 28195K, capacity 28852K, committed 28976K, reserved 1075200K
  class space    used 3894K, capacity 4127K, committed 4144K, reserved 1048576K
Event: 4.271 GC heap after
Heap after GC invocations=7 (full 1):
 PSYoungGen      total 116736K, used 9110K [0x00000000e0000000, 0x00000000e9780000, 0x0000000100000000)
  eden space 107520K, 0% used [0x00000000e0000000,0x00000000e0000000,0x00000000e6900000)
  from space 9216K, 98% used [0x00000000e8e80000,0x00000000e9765a58,0x00000000e9780000)
  to   space 13312K, 0% used [0x00000000e7d80000,0x00000000e7d80000,0x00000000e8a80000)
 ParOldGen       total 64512K, used 11443K [0x00000000a0000000, 0x00000000a3f00000, 0x00000000e0000000)
  object space 64512K, 17% used [0x00000000a0000000,0x00000000a0b2cc38,0x00000000a3f00000)
 Metaspace       used 28195K, capacity 28852K, committed 28976K, reserved 1075200K
  class space    used 3894K, capacity 4127K, committed 4144K, reserved 1048576K
}
Event: 5.144 GC heap before
{Heap before GC invocations=8 (full 1):
 PSYoungGen      total 116736K, used 116630K [0x00000000e0000000, 0x00000000e9780000, 0x0000000100000000)
  eden space 107520K, 100% used [0x00000000e0000000,0x00000000e6900000,0x00000000e6900000)
  from space 9216K, 98% used [0x00000000e8e80000,0x00000000e9765a58,0x00000000e9780000)
  to   space 13312K, 0% used [0x00000000e7d80000,0x00000000e7d80000,0x00000000e8a80000)
 ParOldGen       total 64512K, used 11443K [0x00000000a0000000, 0x00000000a3f00000, 0x00000000e0000000)
  object space 64512K, 17% used [0x00000000a0000000,0x00000000a0b2cc38,0x00000000a3f00000)
 Metaspace       used 34275K, capacity 35150K, committed 35496K, reserved 1079296K
  class space    used 4704K, capacity 4934K, committed 5040K, reserved 1048576K
Event: 5.159 GC heap after
Heap after GC invocations=8 (full 1):
 PSYoungGen      total 141824K, used 11342K [0x00000000e0000000, 0x00000000ec800000, 0x0000000100000000)
  eden space 128512K, 0% used [0x00000000e0000000,0x00000000e0000000,0x00000000e7d80000)
  from space 13312K, 85% used [0x00000000e7d80000,0x00000000e8893ac8,0x00000000e8a80000)
  to   space 14336K, 0% used [0x00000000eba00000,0x00000000eba00000,0x00000000ec800000)
 ParOldGen       total 64512K, used 11451K [0x00000000a0000000, 0x00000000a3f00000, 0x00000000e0000000)
  object space 64512K, 17% used [0x00000000a0000000,0x00000000a0b2ec38,0x00000000a3f00000)
 Metaspace       used 34275K, capacity 35150K, committed 35496K, reserved 1079296K
  class space    used 4704K, capacity 4934K, committed 5040K, reserved 1048576K
}
Event: 5.284 GC heap before
{Heap before GC invocations=9 (full 1):
 PSYoungGen      total 141824K, used 20763K [0x00000000e0000000, 0x00000000ec800000, 0x0000000100000000)
  eden space 128512K, 7% used [0x00000000e0000000,0x00000000e0933318,0x00000000e7d80000)
  from space 13312K, 85% used [0x00000000e7d80000,0x00000000e8893ac8,0x00000000e8a80000)
  to   space 14336K, 0% used [0x00000000eba00000,0x00000000eba00000,0x00000000ec800000)
 ParOldGen       total 64512K, used 11451K [0x00000000a0000000, 0x00000000a3f00000, 0x00000000e0000000)
  object space 64512K, 17% used [0x00000000a0000000,0x00000000a0b2ec38,0x00000000a3f00000)
 Metaspace       used 34582K, capacity 35414K, committed 35496K, reserved 1079296K
  class space    used 4745K, capacity 4972K, committed 5040K, reserved 1048576K
Event: 5.294 GC heap after
Heap after GC invocations=9 (full 1):
 PSYoungGen      total 190976K, used 7024K [0x00000000e0000000, 0x00000000efc00000, 0x0000000100000000)
  eden space 176640K, 0% used [0x00000000e0000000,0x00000000e0000000,0x00000000eac80000)
  from space 14336K, 48% used [0x00000000eba00000,0x00000000ec0dc1b8,0x00000000ec800000)
  to   space 13824K, 0% used [0x00000000eac80000,0x00000000eac80000,0x00000000eba00000)
 ParOldGen       total 64512K, used 11451K [0x00000000a0000000, 0x00000000a3f00000, 0x00000000e0000000)
  object space 64512K, 17% used [0x00000000a0000000,0x00000000a0b2ec38,0x00000000a3f00000)
 Metaspace       used 34582K, capacity 35414K, committed 35496K, reserved 1079296K
  class space    used 4745K, capacity 4972K, committed 5040K, reserved 1048576K
}
Event: 5.294 GC heap before
{Heap before GC invocations=10 (full 2):
 PSYoungGen      total 190976K, used 7024K [0x00000000e0000000, 0x00000000efc00000, 0x0000000100000000)
  eden space 176640K, 0% used [0x00000000e0000000,0x00000000e0000000,0x00000000eac80000)
  from space 14336K, 48% used [0x00000000eba00000,0x00000000ec0dc1b8,0x00000000ec800000)
  to   space 13824K, 0% used [0x00000000eac80000,0x00000000eac80000,0x00000000eba00000)
 ParOldGen       total 64512K, used 11451K [0x00000000a0000000, 0x00000000a3f00000, 0x00000000e0000000)
  object space 64512K, 17% used [0x00000000a0000000,0x00000000a0b2ec38,0x00000000a3f00000)
 Metaspace       used 34582K, capacity 35414K, committed 35496K, reserved 1079296K
  class space    used 4745K, capacity 4972K, committed 5040K, reserved 1048576K
Event: 5.367 GC heap after
Heap after GC invocations=10 (full 2):
 PSYoungGen      total 190976K, used 0K [0x00000000e0000000, 0x00000000efc00000, 0x0000000100000000)
  eden space 176640K, 0% used [0x00000000e0000000,0x00000000e0000000,0x00000000eac80000)
  from space 14336K, 0% used [0x00000000eba00000,0x00000000eba00000,0x00000000ec800000)
  to   space 13824K, 0% used [0x00000000eac80000,0x00000000eac80000,0x00000000eba00000)
 ParOldGen       total 89088K, used 13716K [0x00000000a0000000, 0x00000000a5700000, 0x00000000e0000000)
  object space 89088K, 15% used [0x00000000a0000000,0x00000000a0d651e8,0x00000000a5700000)
 Metaspace       used 34582K, capacity 35414K, committed 35496K, reserved 1079296K
  class space    used 4745K, capacity 4972K, committed 5040K, reserved 1048576K
}
Event: 9.298 GC heap before
{Heap before GC invocations=11 (full 2):
 PSYoungGen      total 190976K, used 176640K [0x00000000e0000000, 0x00000000efc00000, 0x0000000100000000)
  eden space 176640K, 100% used [0x00000000e0000000,0x00000000eac80000,0x00000000eac80000)
  from space 14336K, 0% used [0x00000000eba00000,0x00000000eba00000,0x00000000ec800000)
  to   space 13824K, 0% used [0x00000000eac80000,0x00000000eac80000,0x00000000eba00000)
 ParOldGen       total 89088K, used 13716K [0x00000000a0000000, 0x00000000a5700000, 0x00000000e0000000)
  object space 89088K, 15% used [0x00000000a0000000,0x00000000a0d651e8,0x00000000a5700000)
 Metaspace       used 49535K, capacity 51088K, committed 51368K, reserved 1093632K
  class space    used 6620K, capacity 7007K, committed 7088K, reserved 1048576K
Event: 9.322 GC heap after
Heap after GC invocations=11 (full 2):
 PSYoungGen      total 190464K, used 13803K [0x00000000e0000000, 0x00000000f0180000, 0x0000000100000000)
  eden space 176640K, 0% used [0x00000000e0000000,0x00000000e0000000,0x00000000eac80000)
  from space 13824K, 99% used [0x00000000eac80000,0x00000000eb9fac50,0x00000000eba00000)
  to   space 18432K, 0% used [0x00000000eef80000,0x00000000eef80000,0x00000000f0180000)
 ParOldGen       total 89088K, used 20742K [0x00000000a0000000, 0x00000000a5700000, 0x00000000e0000000)
  object space 89088K, 23% used [0x00000000a0000000,0x00000000a1441a28,0x00000000a5700000)
 Metaspace       used 49535K, capacity 51088K, committed 51368K, reserved 1093632K
  class space    used 6620K, capacity 7007K, committed 7088K, reserved 1048576K
}

Deoptimization events (10 events):
Event: 7.229 Thread 0x000000001b8dc800 Uncommon trap: reason=unstable_if action=reinterpret pc=0x000000000350a46c method=java.security.CodeSource.getCertificates()[Ljava/security/cert/Certificate; @ 22
Event: 7.255 Thread 0x000000001b8dc800 Uncommon trap: reason=unstable_if action=reinterpret pc=0x0000000003ac7e64 method=java.util.LinkedHashMap.get(Ljava/lang/Object;)Ljava/lang/Object; @ 20
Event: 8.427 Thread 0x000000001b8dc800 Uncommon trap: reason=unstable_if action=reinterpret pc=0x000000000394c2b0 method=org.gradle.internal.reflect.PropertyAccessorType.of(Ljava/lang/reflect/Method;)Lorg/gradle/internal/reflect/PropertyAccessorType; @ 56
Event: 9.058 Thread 0x000000001b8dc800 Uncommon trap: reason=unstable_if action=reinterpret pc=0x00000000033fa070 method=org.gradle.internal.instantiation.generator.AbstractClassGenerator$InjectionAnnotationValidator.validateMethod(Ljava/lang/reflect/Method;Lorg/gradle/internal/reflect/Propert
Event: 9.058 Thread 0x000000001b8dc800 Uncommon trap: reason=unstable_if action=reinterpret pc=0x00000000030a7df0 method=org.gradle.internal.instantiation.generator.AbstractClassGenerator$InjectionAnnotationValidator.validateMethod(Ljava/lang/reflect/Method;Lorg/gradle/internal/reflect/Propert
Event: 9.138 Thread 0x000000001b8dc800 Uncommon trap: reason=unstable_if action=reinterpret pc=0x0000000003bacf1c method=org.codehaus.groovy.runtime.metaclass.MetaMethodIndex.isNonRealMethod(Lgroovy/lang/MetaMethod;)Z @ 4
Event: 9.138 Thread 0x000000001b8dc800 Uncommon trap: reason=unstable_if action=reinterpret pc=0x0000000003b887a4 method=groovy.lang.MetaClassImpl$1MOPIter.methodNameAction(Ljava/lang/Class;Lorg/codehaus/groovy/runtime/metaclass/MetaMethodIndex$Entry;)V @ 182
Event: 9.168 Thread 0x000000001b8dc800 Uncommon trap: reason=unstable_if action=reinterpret pc=0x000000000347d700 method=java.lang.ClassLoader.checkCerts(Ljava/lang/String;Ljava/security/CodeSource;)V @ 29
Event: 9.193 Thread 0x000000001b8dc800 Uncommon trap: reason=class_check action=maybe_recompile pc=0x00000000036c3ba8 method=java.util.WeakHashMap.eq(Ljava/lang/Object;Ljava/lang/Object;)Z @ 7
Event: 9.412 Thread 0x000000001b8dc800 Uncommon trap: reason=class_check action=maybe_recompile pc=0x00000000036c3ba8 method=java.util.WeakHashMap.eq(Ljava/lang/Object;Ljava/lang/Object;)Z @ 7

Classes redefined (0 events):
No events

Internal exceptions (10 events):
Event: 9.419 Thread 0x000000001b8dc800 Exception <a 'java/lang/ClassNotFoundException': com/android/build/gradle/internal/dsl/BuildType_DecoratedBeanInfo> (0x00000000e0f82398) thrown at [C:\src\AOSP-openjdk-git\hotspot\src\share\vm\classfile\systemDictionary.cpp, line 210]
Event: 9.420 Thread 0x000000001b8dc800 Exception <a 'java/lang/ClassNotFoundException': com/android/build/gradle/internal/dsl/BuildTypeBeanInfo> (0x00000000e0f9d8a0) thrown at [C:\src\AOSP-openjdk-git\hotspot\src\share\vm\classfile\systemDictionary.cpp, line 210]
Event: 9.421 Thread 0x000000001b8dc800 Exception <a 'java/lang/ClassNotFoundException': com/android/builder/core/AbstractBuildTypeBeanInfo> (0x00000000e0fb70f8) thrown at [C:\src\AOSP-openjdk-git\hotspot\src\share\vm\classfile\systemDictionary.cpp, line 210]
Event: 9.421 Thread 0x000000001b8dc800 Exception <a 'java/lang/ClassNotFoundException': com/android/builder/core/AbstractBuildTypeCustomizer> (0x00000000e0fd19b8) thrown at [C:\src\AOSP-openjdk-git\hotspot\src\share\vm\classfile\systemDictionary.cpp, line 210]
Event: 9.422 Thread 0x000000001b8dc800 Exception <a 'java/lang/ClassNotFoundException': com/android/build/gradle/internal/dsl/BuildTypeCustomizer> (0x00000000e10077a0) thrown at [C:\src\AOSP-openjdk-git\hotspot\src\share\vm\classfile\systemDictionary.cpp, line 210]
Event: 9.424 Thread 0x000000001b8dc800 Exception <a 'java/lang/ClassNotFoundException': com/android/build/gradle/internal/dsl/BuildType_DecoratedCustomizer> (0x00000000e106b4e0) thrown at [C:\src\AOSP-openjdk-git\hotspot\src\share\vm\classfile\systemDictionary.cpp, line 210]
Event: 9.430 Thread 0x000000001b8dc800 Exception <a 'java/lang/ClassNotFoundException': build_2n5s89ljvl3tpwycn37c78bgb$_run_closure1$_closure4BeanInfo> (0x00000000e113df00) thrown at [C:\src\AOSP-openjdk-git\hotspot\src\share\vm\classfile\systemDictionary.cpp, line 210]
Event: 9.430 Thread 0x000000001b8dc800 Exception <a 'java/lang/ClassNotFoundException': build_2n5s89ljvl3tpwycn37c78bgb$_run_closure1$_closure4Customizer> (0x00000000e11506f8) thrown at [C:\src\AOSP-openjdk-git\hotspot\src\share\vm\classfile\systemDictionary.cpp, line 210]
Event: 9.433 Thread 0x000000001b8dc800 Exception <a 'java/lang/ClassNotFoundException': build_2n5s89ljvl3tpwycn37c78bgb$_run_closure1BeanInfo> (0x00000000e1182940) thrown at [C:\src\AOSP-openjdk-git\hotspot\src\share\vm\classfile\systemDictionary.cpp, line 210]
Event: 9.434 Thread 0x000000001b8dc800 Exception <a 'java/lang/ClassNotFoundException': build_2n5s89ljvl3tpwycn37c78bgb$_run_closure1Customizer> (0x00000000e1194548) thrown at [C:\src\AOSP-openjdk-git\hotspot\src\share\vm\classfile\systemDictionary.cpp, line 210]

Events (10 events):
Event: 9.430 loading class build_2n5s89ljvl3tpwycn37c78bgb$_run_closure1$_closure4Customizer
Event: 9.430 loading class build_2n5s89ljvl3tpwycn37c78bgb$_run_closure1$_closure4Customizer done
Event: 9.433 loading class build_2n5s89ljvl3tpwycn37c78bgb$_run_closure1BeanInfo
Event: 9.433 loading class build_2n5s89ljvl3tpwycn37c78bgb$_run_closure1BeanInfo done
Event: 9.433 loading class build_2n5s89ljvl3tpwycn37c78bgb$_run_closure1BeanInfo
Event: 9.433 loading class build_2n5s89ljvl3tpwycn37c78bgb$_run_closure1BeanInfo done
Event: 9.433 loading class build_2n5s89ljvl3tpwycn37c78bgb$_run_closure1Customizer
Event: 9.433 loading class build_2n5s89ljvl3tpwycn37c78bgb$_run_closure1Customizer done
Event: 9.434 loading class build_2n5s89ljvl3tpwycn37c78bgb$_run_closure1Customizer
Event: 9.434 loading class build_2n5s89ljvl3tpwycn37c78bgb$_run_closure1Customizer done


Dynamic libraries:
0x00007ff6b5420000 - 0x00007ff6b5451000 	C:\Program Files\Android\Android Studio1\jre\bin\java.exe
0x00007ffd31660000 - 0x00007ffd31850000 	C:\WINDOWS\SYSTEM32\ntdll.dll
0x00007ffd2fa80000 - 0x00007ffd2fb32000 	C:\WINDOWS\System32\KERNEL32.DLL
0x00007ffd2e730000 - 0x00007ffd2e9d4000 	C:\WINDOWS\System32\KERNELBASE.dll
0x00007ffd2f710000 - 0x00007ffd2f7b3000 	C:\WINDOWS\System32\ADVAPI32.dll
0x00007ffd30840000 - 0x00007ffd308de000 	C:\WINDOWS\System32\msvcrt.dll
0x00007ffd307a0000 - 0x00007ffd30837000 	C:\WINDOWS\System32\sechost.dll
0x00007ffd2f960000 - 0x00007ffd2fa80000 	C:\WINDOWS\System32\RPCRT4.dll
0x00007ffd2fd20000 - 0x00007ffd2feb4000 	C:\WINDOWS\System32\USER32.dll
0x00007ffd2e700000 - 0x00007ffd2e721000 	C:\WINDOWS\System32\win32u.dll
0x00007ffd30cf0000 - 0x00007ffd30d16000 	C:\WINDOWS\System32\GDI32.dll
0x00007ffd2f420000 - 0x00007ffd2f5b4000 	C:\WINDOWS\System32\gdi32full.dll
0x00007ffd2eb00000 - 0x00007ffd2eb9e000 	C:\WINDOWS\System32\msvcp_win.dll
0x00007ffd2e9e0000 - 0x00007ffd2eada000 	C:\WINDOWS\System32\ucrtbase.dll
0x00007ffd14db0000 - 0x00007ffd15034000 	C:\WINDOWS\WinSxS\amd64_microsoft.windows.common-controls_6595b64144ccf1df_6.0.18362.836_none_e6c4b943130f18ed\COMCTL32.dll
0x00007ffd308e0000 - 0x00007ffd30c16000 	C:\WINDOWS\System32\combase.dll
0x00007ffd2e650000 - 0x00007ffd2e6d0000 	C:\WINDOWS\System32\bcryptPrimitives.dll
0x00007ffd31540000 - 0x00007ffd3156e000 	C:\WINDOWS\System32\IMM32.DLL
0x0000000069cb0000 - 0x0000000069d82000 	C:\Program Files\Android\Android Studio1\jre\jre\bin\msvcr100.dll
0x0000000069e70000 - 0x000000006a6bb000 	C:\Program Files\Android\Android Studio1\jre\jre\bin\server\jvm.dll
0x00007ffd2fec0000 - 0x00007ffd2fec8000 	C:\WINDOWS\System32\PSAPI.DLL
0x00007ffd2c3b0000 - 0x00007ffd2c3d4000 	C:\WINDOWS\SYSTEM32\WINMM.dll
0x00007ffd2ce80000 - 0x00007ffd2ce89000 	C:\WINDOWS\SYSTEM32\WSOCK32.dll
0x00007ffd28a90000 - 0x00007ffd28a9a000 	C:\WINDOWS\SYSTEM32\VERSION.dll
0x00007ffd30ed0000 - 0x00007ffd30f3f000 	C:\WINDOWS\System32\WS2_32.dll
0x00007ffd2c330000 - 0x00007ffd2c35d000 	C:\WINDOWS\SYSTEM32\winmmbase.dll
0x00007ffd2f320000 - 0x00007ffd2f36a000 	C:\WINDOWS\System32\cfgmgr32.dll
0x00007ffd2c4c0000 - 0x00007ffd2c4cf000 	C:\Program Files\Android\Android Studio1\jre\jre\bin\verify.dll
0x00007ffd293c0000 - 0x00007ffd293e9000 	C:\Program Files\Android\Android Studio1\jre\jre\bin\java.dll
0x00007ffd2bd00000 - 0x00007ffd2bd16000 	C:\Program Files\Android\Android Studio1\jre\jre\bin\zip.dll
0x00007ffd2ff50000 - 0x00007ffd30634000 	C:\WINDOWS\System32\SHELL32.dll
0x00007ffd31570000 - 0x00007ffd31619000 	C:\WINDOWS\System32\shcore.dll
0x00007ffd2eba0000 - 0x00007ffd2f31e000 	C:\WINDOWS\System32\windows.storage.dll
0x00007ffd2e5c0000 - 0x00007ffd2e5e3000 	C:\WINDOWS\System32\profapi.dll
0x00007ffd2e530000 - 0x00007ffd2e57a000 	C:\WINDOWS\System32\powrprof.dll
0x00007ffd2e520000 - 0x00007ffd2e530000 	C:\WINDOWS\System32\UMPDC.dll
0x00007ffd314e0000 - 0x00007ffd31532000 	C:\WINDOWS\System32\shlwapi.dll
0x00007ffd2e580000 - 0x00007ffd2e591000 	C:\WINDOWS\System32\kernel.appcore.dll
0x00007ffd2eae0000 - 0x00007ffd2eaf7000 	C:\WINDOWS\System32\cryptsp.dll
0x00007ffd2b550000 - 0x00007ffd2b56a000 	C:\Program Files\Android\Android Studio1\jre\jre\bin\net.dll
0x00007ffd2dd30000 - 0x00007ffd2dd97000 	C:\WINDOWS\system32\mswsock.dll
0x00007ffd29af0000 - 0x00007ffd29b03000 	C:\Program Files\Android\Android Studio1\jre\jre\bin\nio.dll
0x00007ffd15900000 - 0x00007ffd15926000 	C:\Users\vinee\.gradle\native\31\windows-amd64\native-platform.dll
0x00007ffd2bc70000 - 0x00007ffd2bc7d000 	C:\Program Files\Android\Android Studio1\jre\jre\bin\management.dll
0x00007ffd2d8a0000 - 0x00007ffd2d8d3000 	C:\WINDOWS\system32\rsaenh.dll
0x00007ffd2e6d0000 - 0x00007ffd2e6f6000 	C:\WINDOWS\System32\bcrypt.dll
0x00007ffd2e410000 - 0x00007ffd2e435000 	C:\WINDOWS\SYSTEM32\USERENV.dll
0x00007ffd2df00000 - 0x00007ffd2df0c000 	C:\WINDOWS\SYSTEM32\CRYPTBASE.dll
0x00007ffd2da40000 - 0x00007ffd2da7a000 	C:\WINDOWS\SYSTEM32\IPHLPAPI.DLL
0x00007ffd2ff40000 - 0x00007ffd2ff48000 	C:\WINDOWS\System32\NSI.dll
0x00007ffd25f60000 - 0x00007ffd25f76000 	C:\WINDOWS\SYSTEM32\dhcpcsvc6.DLL
0x00007ffd26e10000 - 0x00007ffd26e2c000 	C:\WINDOWS\SYSTEM32\dhcpcsvc.DLL
0x00007ffd2da80000 - 0x00007ffd2db4b000 	C:\WINDOWS\SYSTEM32\DNSAPI.dll

VM Arguments:
jvm_args: -Xmx1536m -Dfile.encoding=windows-1252 -Duser.country=CA -Duser.language=en -Duser.variant 
java_command: org.gradle.launcher.daemon.bootstrap.GradleDaemon 6.1.1
java_class_path (initial): C:\Users\vinee\.gradle\wrapper\dists\gradle-6.1.1-all\cfmwm155h49vnt3hynmlrsdst\gradle-6.1.1\lib\gradle-launcher-6.1.1.jar
Launcher Type: SUN_STANDARD

Environment Variables:
PATH=C:\WINDOWS\system32;C:\WINDOWS;C:\WINDOWS\System32\Wbem;C:\WINDOWS\System32\WindowsPowerShell\v1.0\;C:\WINDOWS\System32\OpenSSH\;C:\Program Files\Git\cmd;C:\Program Files\nodejs\;C:\Program Files\Amazon\AWSCLI\bin\;C:\Program Files\MySQL\MySQL Shell 8.0\bin\;C:\Users\vinee\AppData\Local\Microsoft\WindowsApps;C:\Users\vinee\AppData\Roaming\npm
USERNAME=vinee
OS=Windows_NT
PROCESSOR_IDENTIFIER=Intel64 Family 6 Model 142 Stepping 12, GenuineIntel



---------------  S Y S T E M  ---------------

OS: Windows 10.0 , 64 bit Build 18362 (10.0.18362.778)

CPU:total 8 (initial active 8) (4 cores per cpu, 2 threads per core) family 6 model 142 stepping 12, cmov, cx8, fxsr, mmx, sse, sse2, sse3, ssse3, sse4.1, sse4.2, popcnt, avx, avx2, aes, clmul, erms, 3dnowpref, lzcnt, ht, tsc, tscinvbit, bmi1, bmi2, adx

Memory: 4k page, physical 8272180k(2308380k free), swap 33438004k(32k free)

vm_info: OpenJDK 64-Bit Server VM (25.242-b01) for windows-amd64 JRE (1.8.0_242-release-1644-b01), built by "builder" with MS VC++ 10.0 (VS2010)

time: Sun Jun 14 10:50:37 2020
timezone: Eastern Daylight Time
elapsed time: 9 seconds (0d 0h 0m 9s)

